09-06-2022 15:51:19
No se halla el objeto de tag Battle desde el script tiles_Tutorial (20)
------------------------------------------

09-06-2022 15:51:19
No se halla el objeto de tag Battle desde el script tiles_Tutorial (1)
------------------------------------------

09-06-2022 15:51:19
No se halla el objeto de tag Battle desde el script tiles_Tutorial (12)
------------------------------------------

09-06-2022 15:51:19
No se halla el objeto de tag Battle desde el script tiles_Tutorial (26)
------------------------------------------

09-06-2022 15:51:19
No se halla el objeto de tag Battle desde el script tiles_Tutorial (25)
------------------------------------------

09-06-2022 15:51:19
No se halla el objeto de tag Battle desde el script tiles_Tutorial (14)
------------------------------------------

09-06-2022 15:51:19
No se halla el objeto de tag Battle desde el script tiles_Tutorial (13)
------------------------------------------

09-06-2022 15:51:19
No se halla el objeto de tag Battle desde el script tiles_Tutorial (17)
------------------------------------------

09-06-2022 15:51:19
No se halla el objeto de tag Battle desde el script tiles_Tutorial (6)
------------------------------------------

09-06-2022 15:51:19
No se halla el objeto de tag Battle desde el script tiles_Tutorial (21)
------------------------------------------

09-06-2022 15:51:19
No se halla el objeto de tag Battle desde el script tiles_Tutorial (9)
------------------------------------------

09-06-2022 15:51:19
No se halla el objeto de tag Battle desde el script tiles_Tutorial (4)
------------------------------------------

09-06-2022 15:51:19
No se halla el objeto de tag Battle desde el script tiles_Tutorial (19)
------------------------------------------

09-06-2022 15:51:19
No se halla el objeto de tag Battle desde el script tiles_Tutorial (15)
------------------------------------------

09-06-2022 15:51:19
No se halla el objeto de tag Battle desde el script tiles_Tutorial (18)
------------------------------------------

09-06-2022 15:51:19
No se halla el objeto de tag Battle desde el script tiles_Tutorial
------------------------------------------

09-06-2022 15:51:19
No se halla el objeto de tag Battle desde el script tiles_Tutorial (3)
------------------------------------------

09-06-2022 15:51:19
No se halla el objeto de tag Battle desde el script tiles_Tutorial (2)
------------------------------------------

09-06-2022 15:51:19
No se halla el objeto de tag Battle desde el script tiles_Tutorial (8)
------------------------------------------

09-06-2022 15:51:19
No se halla el objeto de tag Battle desde el script tiles_Tutorial (23)
------------------------------------------

09-06-2022 15:51:19
No se halla el objeto de tag Battle desde el script tiles_Tutorial (10)
------------------------------------------

09-06-2022 15:51:19
No se halla el objeto de tag Battle desde el script tiles_Tutorial (11)
------------------------------------------

09-06-2022 15:51:19
No se halla el objeto de tag Battle desde el script tiles_Tutorial (24)
------------------------------------------

09-06-2022 15:51:19
No se halla el objeto de tag Battle desde el script tiles_Tutorial (16)
------------------------------------------

09-06-2022 15:51:19
No se halla el objeto de tag Battle desde el script tiles_Tutorial (7)
------------------------------------------

09-06-2022 15:51:19
No se halla el objeto de tag Battle desde el script tiles_Tutorial (22)
------------------------------------------

09-06-2022 15:51:19
No se halla el objeto de tag Battle desde el script tiles_Tutorial (5)
------------------------------------------

09-06-2022 17:32:20
No se halla el objeto de tag Inventory desde el script no especifica
------------------------------------------

09-06-2022 19:55:32
No se halla el objeto de tag Battle desde el script tiles_Tutorial (20)
------------------------------------------

09-06-2022 19:55:32
No se halla el objeto de tag Battle desde el script tiles_Tutorial (1)
------------------------------------------

09-06-2022 19:55:32
No se halla el objeto de tag Battle desde el script tiles_Tutorial (12)
------------------------------------------

09-06-2022 19:55:32
No se halla el objeto de tag Battle desde el script tiles_Tutorial (26)
------------------------------------------

09-06-2022 19:55:32
No se halla el objeto de tag Battle desde el script tiles_Tutorial (25)
------------------------------------------

09-06-2022 19:55:32
No se halla el objeto de tag Battle desde el script tiles_Tutorial (14)
------------------------------------------

09-06-2022 19:55:32
No se halla el objeto de tag Battle desde el script tiles_Tutorial (13)
------------------------------------------

09-06-2022 19:55:32
No se halla el objeto de tag Battle desde el script tiles_Tutorial (17)
------------------------------------------

09-06-2022 19:55:32
No se halla el objeto de tag Battle desde el script tiles_Tutorial (6)
------------------------------------------

09-06-2022 19:55:32
No se halla el objeto de tag Battle desde el script tiles_Tutorial (21)
------------------------------------------

09-06-2022 19:55:32
No se halla el objeto de tag Battle desde el script tiles_Tutorial (9)
------------------------------------------

09-06-2022 19:55:32
No se halla el objeto de tag Battle desde el script tiles_Tutorial (4)
------------------------------------------

09-06-2022 19:55:32
No se halla el objeto de tag Battle desde el script tiles_Tutorial (19)
------------------------------------------

09-06-2022 19:55:32
No se halla el objeto de tag Battle desde el script tiles_Tutorial (15)
------------------------------------------

09-06-2022 19:55:32
No se halla el objeto de tag Battle desde el script tiles_Tutorial (18)
------------------------------------------

09-06-2022 19:55:32
No se halla el objeto de tag Battle desde el script tiles_Tutorial
------------------------------------------

09-06-2022 19:55:32
No se halla el objeto de tag Battle desde el script tiles_Tutorial (3)
------------------------------------------

09-06-2022 19:55:32
No se halla el objeto de tag Battle desde el script tiles_Tutorial (2)
------------------------------------------

09-06-2022 19:55:32
No se halla el objeto de tag Battle desde el script tiles_Tutorial (8)
------------------------------------------

09-06-2022 19:55:32
No se halla el objeto de tag Battle desde el script tiles_Tutorial (23)
------------------------------------------

09-06-2022 19:55:32
No se halla el objeto de tag Battle desde el script tiles_Tutorial (10)
------------------------------------------

09-06-2022 19:55:32
No se halla el objeto de tag Battle desde el script tiles_Tutorial (11)
------------------------------------------

09-06-2022 19:55:32
No se halla el objeto de tag Battle desde el script tiles_Tutorial (24)
------------------------------------------

09-06-2022 19:55:32
No se halla el objeto de tag Battle desde el script tiles_Tutorial (16)
------------------------------------------

09-06-2022 19:55:32
No se halla el objeto de tag Battle desde el script tiles_Tutorial (7)
------------------------------------------

09-06-2022 19:55:32
No se halla el objeto de tag Battle desde el script tiles_Tutorial (22)
------------------------------------------

09-06-2022 19:55:32
No se halla el objeto de tag Battle desde el script tiles_Tutorial (5)
------------------------------------------

