19-06-2022 22:38:53
No se halla el objeto de tag Battle desde el script tiles_Tutorial (20)
------------------------------------------

19-06-2022 22:38:53
No se halla el objeto de tag Battle desde el script Village_3
------------------------------------------

19-06-2022 22:38:53
No se halla el objeto de tag Battle desde el script tiles_Tutorial (1)
------------------------------------------

19-06-2022 22:38:53
No se halla el objeto de tag Battle desde el script Village_6
------------------------------------------

19-06-2022 22:38:53
No se halla el objeto de tag Battle desde el script tiles_Tutorial (12)
------------------------------------------

19-06-2022 22:38:53
No se halla el objeto de tag Battle desde el script tiles_Tutorial (26)
------------------------------------------

19-06-2022 22:38:53
No se halla el objeto de tag Battle desde el script tiles_Tutorial (25)
------------------------------------------

19-06-2022 22:38:53
No se halla el objeto de tag Battle desde el script tiles_Tutorial (14)
------------------------------------------

19-06-2022 22:38:53
No se halla el objeto de tag Battle desde el script Village_7
------------------------------------------

19-06-2022 22:38:53
No se halla el objeto de tag Battle desde el script Village_2
------------------------------------------

19-06-2022 22:38:53
No se halla el objeto de tag Battle desde el script tiles_Tutorial (13)
------------------------------------------

19-06-2022 22:38:53
No se halla el objeto de tag Battle desde el script tiles_Tutorial (17)
------------------------------------------

19-06-2022 22:38:53
No se halla el objeto de tag Battle desde el script tiles_Tutorial (6)
------------------------------------------

19-06-2022 22:38:53
No se halla el objeto de tag Battle desde el script tiles_Tutorial (21)
------------------------------------------

19-06-2022 22:38:53
No se halla el objeto de tag Battle desde el script tiles_Tutorial (9)
------------------------------------------

19-06-2022 22:38:53
No se halla el objeto de tag Battle desde el script Village_8
------------------------------------------

19-06-2022 22:38:53
No se halla el objeto de tag Battle desde el script tiles_Tutorial (4)
------------------------------------------

19-06-2022 22:38:53
No se halla el objeto de tag Battle desde el script Village_5
------------------------------------------

19-06-2022 22:38:53
No se halla el objeto de tag Battle desde el script tiles_Tutorial (19)
------------------------------------------

19-06-2022 22:38:53
No se halla el objeto de tag Battle desde el script tiles_Tutorial (15)
------------------------------------------

19-06-2022 22:38:53
No se halla el objeto de tag Battle desde el script tiles_Tutorial (18)
------------------------------------------

19-06-2022 22:38:53
No se halla el objeto de tag Battle desde el script tiles_Tutorial
------------------------------------------

19-06-2022 22:38:53
No se halla el objeto de tag Battle desde el script tiles_Tutorial (3)
------------------------------------------

19-06-2022 22:38:53
No se halla el objeto de tag Battle desde el script tiles_Tutorial (2)
------------------------------------------

19-06-2022 22:38:53
No se halla el objeto de tag Battle desde el script tiles_Tutorial (8)
------------------------------------------

19-06-2022 22:38:53
No se halla el objeto de tag Battle desde el script tiles_Tutorial (23)
------------------------------------------

19-06-2022 22:38:53
No se halla el objeto de tag Battle desde el script tiles_Tutorial (10)
------------------------------------------

19-06-2022 22:38:53
No se halla el objeto de tag Battle desde el script tiles_Tutorial (11)
------------------------------------------

19-06-2022 22:38:53
No se halla el objeto de tag Battle desde el script Village_1
------------------------------------------

19-06-2022 22:38:53
No se halla el objeto de tag Battle desde el script tiles_Tutorial (24)
------------------------------------------

19-06-2022 22:38:53
No se halla el objeto de tag Battle desde el script tiles_Tutorial (16)
------------------------------------------

19-06-2022 22:38:53
No se halla el objeto de tag Battle desde el script tiles_Tutorial (7)
------------------------------------------

19-06-2022 22:38:53
No se halla el objeto de tag Battle desde el script tiles_Tutorial (22)
------------------------------------------

19-06-2022 22:38:53
No se halla el objeto de tag Battle desde el script Village_0
------------------------------------------

19-06-2022 22:38:53
No se halla el objeto de tag Battle desde el script Village_4
------------------------------------------

19-06-2022 22:38:53
No se halla el objeto de tag Battle desde el script tiles_Tutorial (5)
------------------------------------------

19-06-2022 22:39:40
No se halla el objeto de tag Battle desde el script tiles_Tutorial (20)
------------------------------------------

19-06-2022 22:39:40
No se halla el objeto de tag Battle desde el script Village_3
------------------------------------------

19-06-2022 22:39:40
No se halla el objeto de tag Battle desde el script tiles_Tutorial (1)
------------------------------------------

19-06-2022 22:39:40
No se halla el objeto de tag Battle desde el script Village_6
------------------------------------------

19-06-2022 22:39:40
No se halla el objeto de tag Battle desde el script tiles_Tutorial (12)
------------------------------------------

19-06-2022 22:39:40
No se halla el objeto de tag Battle desde el script tiles_Tutorial (26)
------------------------------------------

19-06-2022 22:39:40
No se halla el objeto de tag Battle desde el script tiles_Tutorial (25)
------------------------------------------

19-06-2022 22:39:40
No se halla el objeto de tag Battle desde el script tiles_Tutorial (14)
------------------------------------------

19-06-2022 22:39:40
No se halla el objeto de tag Battle desde el script Village_7
------------------------------------------

19-06-2022 22:39:40
No se halla el objeto de tag Battle desde el script Village_2
------------------------------------------

19-06-2022 22:39:40
No se halla el objeto de tag Battle desde el script tiles_Tutorial (13)
------------------------------------------

19-06-2022 22:39:40
No se halla el objeto de tag Battle desde el script tiles_Tutorial (17)
------------------------------------------

19-06-2022 22:39:40
No se halla el objeto de tag Battle desde el script tiles_Tutorial (6)
------------------------------------------

19-06-2022 22:39:40
No se halla el objeto de tag Battle desde el script tiles_Tutorial (21)
------------------------------------------

19-06-2022 22:39:40
No se halla el objeto de tag Battle desde el script tiles_Tutorial (9)
------------------------------------------

19-06-2022 22:39:40
No se halla el objeto de tag Battle desde el script Village_8
------------------------------------------

19-06-2022 22:39:40
No se halla el objeto de tag Battle desde el script tiles_Tutorial (4)
------------------------------------------

19-06-2022 22:39:40
No se halla el objeto de tag Battle desde el script Village_5
------------------------------------------

19-06-2022 22:39:40
No se halla el objeto de tag Battle desde el script tiles_Tutorial (19)
------------------------------------------

19-06-2022 22:39:40
No se halla el objeto de tag Battle desde el script tiles_Tutorial (15)
------------------------------------------

19-06-2022 22:39:40
No se halla el objeto de tag Battle desde el script tiles_Tutorial (18)
------------------------------------------

19-06-2022 22:39:40
No se halla el objeto de tag Battle desde el script tiles_Tutorial
------------------------------------------

19-06-2022 22:39:40
No se halla el objeto de tag Battle desde el script tiles_Tutorial (3)
------------------------------------------

19-06-2022 22:39:40
No se halla el objeto de tag Battle desde el script tiles_Tutorial (2)
------------------------------------------

19-06-2022 22:39:40
No se halla el objeto de tag Battle desde el script tiles_Tutorial (8)
------------------------------------------

19-06-2022 22:39:40
No se halla el objeto de tag Battle desde el script tiles_Tutorial (23)
------------------------------------------

19-06-2022 22:39:40
No se halla el objeto de tag Battle desde el script tiles_Tutorial (10)
------------------------------------------

19-06-2022 22:39:40
No se halla el objeto de tag Battle desde el script tiles_Tutorial (11)
------------------------------------------

19-06-2022 22:39:40
No se halla el objeto de tag Battle desde el script Village_1
------------------------------------------

19-06-2022 22:39:40
No se halla el objeto de tag Battle desde el script tiles_Tutorial (24)
------------------------------------------

19-06-2022 22:39:40
No se halla el objeto de tag Battle desde el script tiles_Tutorial (16)
------------------------------------------

19-06-2022 22:39:40
No se halla el objeto de tag Battle desde el script tiles_Tutorial (7)
------------------------------------------

19-06-2022 22:39:40
No se halla el objeto de tag Battle desde el script tiles_Tutorial (22)
------------------------------------------

19-06-2022 22:39:40
No se halla el objeto de tag Battle desde el script Village_0
------------------------------------------

19-06-2022 22:39:40
No se halla el objeto de tag Battle desde el script Village_4
------------------------------------------

19-06-2022 22:39:40
No se halla el objeto de tag Battle desde el script tiles_Tutorial (5)
------------------------------------------

19-06-2022 22:42:02
No se halla el objeto de tag Battle desde el script tiles_Tutorial (20)
------------------------------------------

19-06-2022 22:42:02
No se halla el objeto de tag Battle desde el script Village_3
------------------------------------------

19-06-2022 22:42:02
No se halla el objeto de tag Battle desde el script tiles_Tutorial (1)
------------------------------------------

19-06-2022 22:42:02
No se halla el objeto de tag Battle desde el script Village_6
------------------------------------------

19-06-2022 22:42:02
No se halla el objeto de tag Battle desde el script tiles_Tutorial (12)
------------------------------------------

19-06-2022 22:42:02
No se halla el objeto de tag Battle desde el script tiles_Tutorial (26)
------------------------------------------

19-06-2022 22:42:02
No se halla el objeto de tag Battle desde el script tiles_Tutorial (25)
------------------------------------------

19-06-2022 22:42:02
No se halla el objeto de tag Battle desde el script tiles_Tutorial (14)
------------------------------------------

19-06-2022 22:42:02
No se halla el objeto de tag Battle desde el script Village_7
------------------------------------------

19-06-2022 22:42:02
No se halla el objeto de tag Battle desde el script Village_2
------------------------------------------

19-06-2022 22:42:02
No se halla el objeto de tag Battle desde el script tiles_Tutorial (13)
------------------------------------------

19-06-2022 22:42:02
No se halla el objeto de tag Battle desde el script tiles_Tutorial (17)
------------------------------------------

19-06-2022 22:42:02
No se halla el objeto de tag Battle desde el script tiles_Tutorial (6)
------------------------------------------

19-06-2022 22:42:02
No se halla el objeto de tag Battle desde el script tiles_Tutorial (21)
------------------------------------------

19-06-2022 22:42:02
No se halla el objeto de tag Battle desde el script tiles_Tutorial (9)
------------------------------------------

19-06-2022 22:42:02
No se halla el objeto de tag Battle desde el script Village_8
------------------------------------------

19-06-2022 22:42:02
No se halla el objeto de tag Battle desde el script tiles_Tutorial (4)
------------------------------------------

19-06-2022 22:42:02
No se halla el objeto de tag Battle desde el script Village_5
------------------------------------------

19-06-2022 22:42:02
No se halla el objeto de tag Battle desde el script tiles_Tutorial (19)
------------------------------------------

19-06-2022 22:42:03
No se halla el objeto de tag Battle desde el script tiles_Tutorial (15)
------------------------------------------

19-06-2022 22:42:03
No se halla el objeto de tag Battle desde el script tiles_Tutorial (18)
------------------------------------------

19-06-2022 22:42:03
No se halla el objeto de tag Battle desde el script tiles_Tutorial
------------------------------------------

19-06-2022 22:42:03
No se halla el objeto de tag Battle desde el script tiles_Tutorial (3)
------------------------------------------

19-06-2022 22:42:03
No se halla el objeto de tag Battle desde el script tiles_Tutorial (2)
------------------------------------------

19-06-2022 22:42:03
No se halla el objeto de tag Battle desde el script tiles_Tutorial (8)
------------------------------------------

19-06-2022 22:42:03
No se halla el objeto de tag Battle desde el script tiles_Tutorial (23)
------------------------------------------

19-06-2022 22:42:03
No se halla el objeto de tag Battle desde el script tiles_Tutorial (10)
------------------------------------------

19-06-2022 22:42:03
No se halla el objeto de tag Battle desde el script tiles_Tutorial (11)
------------------------------------------

19-06-2022 22:42:03
No se halla el objeto de tag Battle desde el script Village_1
------------------------------------------

19-06-2022 22:42:03
No se halla el objeto de tag Battle desde el script tiles_Tutorial (24)
------------------------------------------

19-06-2022 22:42:03
No se halla el objeto de tag Battle desde el script tiles_Tutorial (16)
------------------------------------------

19-06-2022 22:42:03
No se halla el objeto de tag Battle desde el script tiles_Tutorial (7)
------------------------------------------

19-06-2022 22:42:03
No se halla el objeto de tag Battle desde el script tiles_Tutorial (22)
------------------------------------------

19-06-2022 22:42:03
No se halla el objeto de tag Battle desde el script Village_0
------------------------------------------

19-06-2022 22:42:03
No se halla el objeto de tag Battle desde el script Village_4
------------------------------------------

19-06-2022 22:42:03
No se halla el objeto de tag Battle desde el script tiles_Tutorial (5)
------------------------------------------

19-06-2022 22:44:07
No se halla el objeto de tag Battle desde el script tiles_Tutorial (20)
------------------------------------------

19-06-2022 22:44:07
No se halla el objeto de tag Battle desde el script Village_3
------------------------------------------

19-06-2022 22:44:07
No se halla el objeto de tag Battle desde el script tiles_Tutorial (1)
------------------------------------------

19-06-2022 22:44:07
No se halla el objeto de tag Battle desde el script Village_6
------------------------------------------

19-06-2022 22:44:07
No se halla el objeto de tag Battle desde el script tiles_Tutorial (12)
------------------------------------------

19-06-2022 22:44:07
No se halla el objeto de tag Battle desde el script tiles_Tutorial (26)
------------------------------------------

19-06-2022 22:44:07
No se halla el objeto de tag Battle desde el script tiles_Tutorial (25)
------------------------------------------

19-06-2022 22:44:07
No se halla el objeto de tag Battle desde el script tiles_Tutorial (14)
------------------------------------------

19-06-2022 22:44:07
No se halla el objeto de tag Battle desde el script Village_7
------------------------------------------

19-06-2022 22:44:07
No se halla el objeto de tag Battle desde el script Village_2
------------------------------------------

19-06-2022 22:44:07
No se halla el objeto de tag Battle desde el script tiles_Tutorial (13)
------------------------------------------

19-06-2022 22:44:07
No se halla el objeto de tag Battle desde el script tiles_Tutorial (17)
------------------------------------------

19-06-2022 22:44:07
No se halla el objeto de tag Battle desde el script tiles_Tutorial (6)
------------------------------------------

19-06-2022 22:44:07
No se halla el objeto de tag Battle desde el script tiles_Tutorial (21)
------------------------------------------

19-06-2022 22:44:07
No se halla el objeto de tag Battle desde el script tiles_Tutorial (9)
------------------------------------------

19-06-2022 22:44:07
No se halla el objeto de tag Battle desde el script Village_8
------------------------------------------

19-06-2022 22:44:07
No se halla el objeto de tag Battle desde el script tiles_Tutorial (4)
------------------------------------------

19-06-2022 22:44:07
No se halla el objeto de tag Battle desde el script Village_5
------------------------------------------

19-06-2022 22:44:07
No se halla el objeto de tag Battle desde el script tiles_Tutorial (19)
------------------------------------------

19-06-2022 22:44:07
No se halla el objeto de tag Battle desde el script tiles_Tutorial (15)
------------------------------------------

19-06-2022 22:44:07
No se halla el objeto de tag Battle desde el script tiles_Tutorial (18)
------------------------------------------

19-06-2022 22:44:07
No se halla el objeto de tag Battle desde el script tiles_Tutorial
------------------------------------------

19-06-2022 22:44:07
No se halla el objeto de tag Battle desde el script tiles_Tutorial (3)
------------------------------------------

19-06-2022 22:44:07
No se halla el objeto de tag Battle desde el script tiles_Tutorial (2)
------------------------------------------

19-06-2022 22:44:07
No se halla el objeto de tag Battle desde el script tiles_Tutorial (8)
------------------------------------------

19-06-2022 22:44:07
No se halla el objeto de tag Battle desde el script tiles_Tutorial (23)
------------------------------------------

19-06-2022 22:44:07
No se halla el objeto de tag Battle desde el script tiles_Tutorial (10)
------------------------------------------

19-06-2022 22:44:07
No se halla el objeto de tag Battle desde el script tiles_Tutorial (11)
------------------------------------------

19-06-2022 22:44:07
No se halla el objeto de tag Battle desde el script Village_1
------------------------------------------

19-06-2022 22:44:07
No se halla el objeto de tag Battle desde el script tiles_Tutorial (24)
------------------------------------------

19-06-2022 22:44:07
No se halla el objeto de tag Battle desde el script tiles_Tutorial (16)
------------------------------------------

19-06-2022 22:44:07
No se halla el objeto de tag Battle desde el script tiles_Tutorial (7)
------------------------------------------

19-06-2022 22:44:07
No se halla el objeto de tag Battle desde el script tiles_Tutorial (22)
------------------------------------------

19-06-2022 22:44:07
No se halla el objeto de tag Battle desde el script Village_0
------------------------------------------

19-06-2022 22:44:07
No se halla el objeto de tag Battle desde el script Village_4
------------------------------------------

19-06-2022 22:44:07
No se halla el objeto de tag Battle desde el script tiles_Tutorial (5)
------------------------------------------

19-06-2022 22:45:19
No se halla el objeto de tag Battle desde el script tiles_Tutorial (20)
------------------------------------------

19-06-2022 22:45:19
No se halla el objeto de tag Battle desde el script Village_3
------------------------------------------

19-06-2022 22:45:19
No se halla el objeto de tag Battle desde el script tiles_Tutorial (1)
------------------------------------------

19-06-2022 22:45:19
No se halla el objeto de tag Battle desde el script Village_6
------------------------------------------

19-06-2022 22:45:19
No se halla el objeto de tag Battle desde el script tiles_Tutorial (12)
------------------------------------------

19-06-2022 22:45:19
No se halla el objeto de tag Battle desde el script tiles_Tutorial (26)
------------------------------------------

19-06-2022 22:45:19
No se halla el objeto de tag Battle desde el script tiles_Tutorial (25)
------------------------------------------

19-06-2022 22:45:19
No se halla el objeto de tag Battle desde el script tiles_Tutorial (14)
------------------------------------------

19-06-2022 22:45:19
No se halla el objeto de tag Battle desde el script Village_7
------------------------------------------

19-06-2022 22:45:19
No se halla el objeto de tag Battle desde el script Village_2
------------------------------------------

19-06-2022 22:45:19
No se halla el objeto de tag Battle desde el script tiles_Tutorial (13)
------------------------------------------

19-06-2022 22:45:19
No se halla el objeto de tag Battle desde el script tiles_Tutorial (17)
------------------------------------------

19-06-2022 22:45:19
No se halla el objeto de tag Battle desde el script tiles_Tutorial (6)
------------------------------------------

19-06-2022 22:45:19
No se halla el objeto de tag Battle desde el script tiles_Tutorial (21)
------------------------------------------

19-06-2022 22:45:19
No se halla el objeto de tag Battle desde el script tiles_Tutorial (9)
------------------------------------------

19-06-2022 22:45:19
No se halla el objeto de tag Battle desde el script Village_8
------------------------------------------

19-06-2022 22:45:19
No se halla el objeto de tag Battle desde el script tiles_Tutorial (4)
------------------------------------------

19-06-2022 22:45:19
No se halla el objeto de tag Battle desde el script Village_5
------------------------------------------

19-06-2022 22:45:19
No se halla el objeto de tag Battle desde el script tiles_Tutorial (19)
------------------------------------------

19-06-2022 22:45:19
No se halla el objeto de tag Battle desde el script tiles_Tutorial (15)
------------------------------------------

19-06-2022 22:45:19
No se halla el objeto de tag Battle desde el script tiles_Tutorial (18)
------------------------------------------

19-06-2022 22:45:19
No se halla el objeto de tag Battle desde el script tiles_Tutorial
------------------------------------------

19-06-2022 22:45:19
No se halla el objeto de tag Battle desde el script tiles_Tutorial (3)
------------------------------------------

19-06-2022 22:45:19
No se halla el objeto de tag Battle desde el script tiles_Tutorial (2)
------------------------------------------

19-06-2022 22:45:19
No se halla el objeto de tag Battle desde el script tiles_Tutorial (8)
------------------------------------------

19-06-2022 22:45:19
No se halla el objeto de tag Battle desde el script tiles_Tutorial (23)
------------------------------------------

19-06-2022 22:45:19
No se halla el objeto de tag Battle desde el script tiles_Tutorial (10)
------------------------------------------

19-06-2022 22:45:19
No se halla el objeto de tag Battle desde el script tiles_Tutorial (11)
------------------------------------------

19-06-2022 22:45:19
No se halla el objeto de tag Battle desde el script Village_1
------------------------------------------

19-06-2022 22:45:19
No se halla el objeto de tag Battle desde el script tiles_Tutorial (24)
------------------------------------------

19-06-2022 22:45:19
No se halla el objeto de tag Battle desde el script tiles_Tutorial (16)
------------------------------------------

19-06-2022 22:45:19
No se halla el objeto de tag Battle desde el script tiles_Tutorial (7)
------------------------------------------

19-06-2022 22:45:19
No se halla el objeto de tag Battle desde el script tiles_Tutorial (22)
------------------------------------------

19-06-2022 22:45:19
No se halla el objeto de tag Battle desde el script Village_0
------------------------------------------

19-06-2022 22:45:19
No se halla el objeto de tag Battle desde el script Village_4
------------------------------------------

19-06-2022 22:45:19
No se halla el objeto de tag Battle desde el script tiles_Tutorial (5)
------------------------------------------

19-06-2022 22:51:49
No se halla el objeto de tag Battle desde el script tiles_Tutorial (20)
------------------------------------------

19-06-2022 22:51:49
No se halla el objeto de tag Battle desde el script Village_3
------------------------------------------

19-06-2022 22:51:49
No se halla el objeto de tag Battle desde el script tiles_Tutorial (1)
------------------------------------------

19-06-2022 22:51:49
No se halla el objeto de tag Battle desde el script Village_6
------------------------------------------

19-06-2022 22:51:49
No se halla el objeto de tag Battle desde el script tiles_Tutorial (12)
------------------------------------------

19-06-2022 22:51:49
No se halla el objeto de tag Battle desde el script tiles_Tutorial (26)
------------------------------------------

19-06-2022 22:51:49
No se halla el objeto de tag Battle desde el script tiles_Tutorial (25)
------------------------------------------

19-06-2022 22:51:49
No se halla el objeto de tag Battle desde el script tiles_Tutorial (14)
------------------------------------------

19-06-2022 22:51:49
No se halla el objeto de tag Battle desde el script Village_7
------------------------------------------

19-06-2022 22:51:49
No se halla el objeto de tag Battle desde el script Village_2
------------------------------------------

19-06-2022 22:51:49
No se halla el objeto de tag Battle desde el script tiles_Tutorial (13)
------------------------------------------

19-06-2022 22:51:49
No se halla el objeto de tag Battle desde el script tiles_Tutorial (17)
------------------------------------------

19-06-2022 22:51:49
No se halla el objeto de tag Battle desde el script tiles_Tutorial (6)
------------------------------------------

19-06-2022 22:51:49
No se halla el objeto de tag Battle desde el script tiles_Tutorial (21)
------------------------------------------

19-06-2022 22:51:49
No se halla el objeto de tag Battle desde el script tiles_Tutorial (9)
------------------------------------------

19-06-2022 22:51:49
No se halla el objeto de tag Battle desde el script Village_8
------------------------------------------

19-06-2022 22:51:49
No se halla el objeto de tag Battle desde el script tiles_Tutorial (4)
------------------------------------------

19-06-2022 22:51:49
No se halla el objeto de tag Battle desde el script Village_5
------------------------------------------

19-06-2022 22:51:49
No se halla el objeto de tag Battle desde el script tiles_Tutorial (19)
------------------------------------------

19-06-2022 22:51:49
No se halla el objeto de tag Battle desde el script tiles_Tutorial (15)
------------------------------------------

19-06-2022 22:51:49
No se halla el objeto de tag Battle desde el script tiles_Tutorial (18)
------------------------------------------

19-06-2022 22:51:49
No se halla el objeto de tag Battle desde el script tiles_Tutorial
------------------------------------------

19-06-2022 22:51:49
No se halla el objeto de tag Battle desde el script tiles_Tutorial (3)
------------------------------------------

19-06-2022 22:51:49
No se halla el objeto de tag Battle desde el script tiles_Tutorial (2)
------------------------------------------

19-06-2022 22:51:49
No se halla el objeto de tag Battle desde el script tiles_Tutorial (8)
------------------------------------------

19-06-2022 22:51:49
No se halla el objeto de tag Battle desde el script tiles_Tutorial (23)
------------------------------------------

19-06-2022 22:51:49
No se halla el objeto de tag Battle desde el script tiles_Tutorial (10)
------------------------------------------

19-06-2022 22:51:49
No se halla el objeto de tag Battle desde el script tiles_Tutorial (11)
------------------------------------------

19-06-2022 22:51:49
No se halla el objeto de tag Battle desde el script Village_1
------------------------------------------

19-06-2022 22:51:49
No se halla el objeto de tag Battle desde el script tiles_Tutorial (24)
------------------------------------------

19-06-2022 22:51:49
No se halla el objeto de tag Battle desde el script tiles_Tutorial (16)
------------------------------------------

19-06-2022 22:51:49
No se halla el objeto de tag Battle desde el script tiles_Tutorial (7)
------------------------------------------

19-06-2022 22:51:49
No se halla el objeto de tag Battle desde el script tiles_Tutorial (22)
------------------------------------------

19-06-2022 22:51:49
No se halla el objeto de tag Battle desde el script Village_0
------------------------------------------

19-06-2022 22:51:49
No se halla el objeto de tag Battle desde el script Village_4
------------------------------------------

19-06-2022 22:51:49
No se halla el objeto de tag Battle desde el script tiles_Tutorial (5)
------------------------------------------

19-06-2022 22:57:20
No se halla el objeto de tag Battle desde el script tiles_Tutorial (20)
------------------------------------------

19-06-2022 22:57:20
No se halla el objeto de tag Battle desde el script Village_3
------------------------------------------

19-06-2022 22:57:20
No se halla el objeto de tag Battle desde el script tiles_Tutorial (1)
------------------------------------------

19-06-2022 22:57:20
No se halla el objeto de tag Battle desde el script Village_6
------------------------------------------

19-06-2022 22:57:20
No se halla el objeto de tag Battle desde el script tiles_Tutorial (12)
------------------------------------------

19-06-2022 22:57:20
No se halla el objeto de tag Battle desde el script tiles_Tutorial (26)
------------------------------------------

19-06-2022 22:57:20
No se halla el objeto de tag Battle desde el script tiles_Tutorial (25)
------------------------------------------

19-06-2022 22:57:20
No se halla el objeto de tag Battle desde el script tiles_Tutorial (14)
------------------------------------------

19-06-2022 22:57:20
No se halla el objeto de tag Battle desde el script Village_7
------------------------------------------

19-06-2022 22:57:20
No se halla el objeto de tag Battle desde el script Village_2
------------------------------------------

19-06-2022 22:57:20
No se halla el objeto de tag Battle desde el script tiles_Tutorial (13)
------------------------------------------

19-06-2022 22:57:20
No se halla el objeto de tag Battle desde el script tiles_Tutorial (17)
------------------------------------------

19-06-2022 22:57:20
No se halla el objeto de tag Battle desde el script tiles_Tutorial (6)
------------------------------------------

19-06-2022 22:57:20
No se halla el objeto de tag Battle desde el script tiles_Tutorial (21)
------------------------------------------

19-06-2022 22:57:20
No se halla el objeto de tag Battle desde el script tiles_Tutorial (9)
------------------------------------------

19-06-2022 22:57:20
No se halla el objeto de tag Battle desde el script Village_8
------------------------------------------

19-06-2022 22:57:20
No se halla el objeto de tag Battle desde el script tiles_Tutorial (4)
------------------------------------------

19-06-2022 22:57:20
No se halla el objeto de tag Battle desde el script Village_5
------------------------------------------

19-06-2022 22:57:20
No se halla el objeto de tag Battle desde el script tiles_Tutorial (19)
------------------------------------------

19-06-2022 22:57:20
No se halla el objeto de tag Battle desde el script tiles_Tutorial (15)
------------------------------------------

19-06-2022 22:57:20
No se halla el objeto de tag Battle desde el script tiles_Tutorial (18)
------------------------------------------

19-06-2022 22:57:20
No se halla el objeto de tag Battle desde el script tiles_Tutorial
------------------------------------------

19-06-2022 22:57:20
No se halla el objeto de tag Battle desde el script tiles_Tutorial (3)
------------------------------------------

19-06-2022 22:57:20
No se halla el objeto de tag Battle desde el script tiles_Tutorial (2)
------------------------------------------

19-06-2022 22:57:20
No se halla el objeto de tag Battle desde el script tiles_Tutorial (8)
------------------------------------------

19-06-2022 22:57:20
No se halla el objeto de tag Battle desde el script tiles_Tutorial (23)
------------------------------------------

19-06-2022 22:57:20
No se halla el objeto de tag Battle desde el script tiles_Tutorial (10)
------------------------------------------

19-06-2022 22:57:20
No se halla el objeto de tag Battle desde el script tiles_Tutorial (11)
------------------------------------------

19-06-2022 22:57:20
No se halla el objeto de tag Battle desde el script Village_1
------------------------------------------

19-06-2022 22:57:20
No se halla el objeto de tag Battle desde el script tiles_Tutorial (24)
------------------------------------------

19-06-2022 22:57:20
No se halla el objeto de tag Battle desde el script tiles_Tutorial (16)
------------------------------------------

19-06-2022 22:57:20
No se halla el objeto de tag Battle desde el script tiles_Tutorial (7)
------------------------------------------

19-06-2022 22:57:20
No se halla el objeto de tag Battle desde el script tiles_Tutorial (22)
------------------------------------------

19-06-2022 22:57:20
No se halla el objeto de tag Battle desde el script Village_0
------------------------------------------

19-06-2022 22:57:20
No se halla el objeto de tag Battle desde el script Village_4
------------------------------------------

19-06-2022 22:57:20
No se halla el objeto de tag Battle desde el script tiles_Tutorial (5)
------------------------------------------

19-06-2022 22:57:50
No se halla el objeto de tag Battle desde el script tiles_Tutorial (20)
------------------------------------------

19-06-2022 22:57:50
No se halla el objeto de tag Battle desde el script Village_3
------------------------------------------

19-06-2022 22:57:50
No se halla el objeto de tag Battle desde el script tiles_Tutorial (1)
------------------------------------------

19-06-2022 22:57:50
No se halla el objeto de tag Battle desde el script Village_6
------------------------------------------

19-06-2022 22:57:50
No se halla el objeto de tag Battle desde el script tiles_Tutorial (12)
------------------------------------------

19-06-2022 22:57:50
No se halla el objeto de tag Battle desde el script tiles_Tutorial (26)
------------------------------------------

19-06-2022 22:57:50
No se halla el objeto de tag Battle desde el script tiles_Tutorial (25)
------------------------------------------

19-06-2022 22:57:50
No se halla el objeto de tag Battle desde el script tiles_Tutorial (14)
------------------------------------------

19-06-2022 22:57:50
No se halla el objeto de tag Battle desde el script Village_7
------------------------------------------

19-06-2022 22:57:50
No se halla el objeto de tag Battle desde el script Village_2
------------------------------------------

19-06-2022 22:57:50
No se halla el objeto de tag Battle desde el script tiles_Tutorial (13)
------------------------------------------

19-06-2022 22:57:50
No se halla el objeto de tag Battle desde el script tiles_Tutorial (17)
------------------------------------------

19-06-2022 22:57:50
No se halla el objeto de tag Battle desde el script tiles_Tutorial (6)
------------------------------------------

19-06-2022 22:57:50
No se halla el objeto de tag Battle desde el script tiles_Tutorial (21)
------------------------------------------

19-06-2022 22:57:50
No se halla el objeto de tag Battle desde el script tiles_Tutorial (9)
------------------------------------------

19-06-2022 22:57:50
No se halla el objeto de tag Battle desde el script Village_8
------------------------------------------

19-06-2022 22:57:50
No se halla el objeto de tag Battle desde el script tiles_Tutorial (4)
------------------------------------------

19-06-2022 22:57:50
No se halla el objeto de tag Battle desde el script Village_5
------------------------------------------

19-06-2022 22:57:50
No se halla el objeto de tag Battle desde el script tiles_Tutorial (19)
------------------------------------------

19-06-2022 22:57:50
No se halla el objeto de tag Battle desde el script tiles_Tutorial (15)
------------------------------------------

19-06-2022 22:57:50
No se halla el objeto de tag Battle desde el script tiles_Tutorial (18)
------------------------------------------

19-06-2022 22:57:50
No se halla el objeto de tag Battle desde el script tiles_Tutorial
------------------------------------------

19-06-2022 22:57:50
No se halla el objeto de tag Battle desde el script tiles_Tutorial (3)
------------------------------------------

19-06-2022 22:57:50
No se halla el objeto de tag Battle desde el script tiles_Tutorial (2)
------------------------------------------

19-06-2022 22:57:50
No se halla el objeto de tag Battle desde el script tiles_Tutorial (8)
------------------------------------------

19-06-2022 22:57:50
No se halla el objeto de tag Battle desde el script tiles_Tutorial (23)
------------------------------------------

19-06-2022 22:57:50
No se halla el objeto de tag Battle desde el script tiles_Tutorial (10)
------------------------------------------

19-06-2022 22:57:50
No se halla el objeto de tag Battle desde el script tiles_Tutorial (11)
------------------------------------------

19-06-2022 22:57:50
No se halla el objeto de tag Battle desde el script Village_1
------------------------------------------

19-06-2022 22:57:50
No se halla el objeto de tag Battle desde el script tiles_Tutorial (24)
------------------------------------------

19-06-2022 22:57:50
No se halla el objeto de tag Battle desde el script tiles_Tutorial (16)
------------------------------------------

19-06-2022 22:57:50
No se halla el objeto de tag Battle desde el script tiles_Tutorial (7)
------------------------------------------

19-06-2022 22:57:50
No se halla el objeto de tag Battle desde el script tiles_Tutorial (22)
------------------------------------------

19-06-2022 22:57:50
No se halla el objeto de tag Battle desde el script Village_0
------------------------------------------

19-06-2022 22:57:50
No se halla el objeto de tag Battle desde el script Village_4
------------------------------------------

19-06-2022 22:57:50
No se halla el objeto de tag Battle desde el script tiles_Tutorial (5)
------------------------------------------

19-06-2022 22:58:52
No se halla el objeto de tag Battle desde el script tiles_Tutorial (20)
------------------------------------------

19-06-2022 22:58:52
No se halla el objeto de tag Battle desde el script Village_3
------------------------------------------

19-06-2022 22:58:52
No se halla el objeto de tag Battle desde el script tiles_Tutorial (1)
------------------------------------------

19-06-2022 22:58:52
No se halla el objeto de tag Battle desde el script Village_6
------------------------------------------

19-06-2022 22:58:52
No se halla el objeto de tag Battle desde el script tiles_Tutorial (12)
------------------------------------------

19-06-2022 22:58:52
No se halla el objeto de tag Battle desde el script tiles_Tutorial (26)
------------------------------------------

19-06-2022 22:58:52
No se halla el objeto de tag Battle desde el script tiles_Tutorial (25)
------------------------------------------

19-06-2022 22:58:52
No se halla el objeto de tag Battle desde el script tiles_Tutorial (14)
------------------------------------------

19-06-2022 22:58:52
No se halla el objeto de tag Battle desde el script Village_7
------------------------------------------

19-06-2022 22:58:52
No se halla el objeto de tag Battle desde el script Village_2
------------------------------------------

19-06-2022 22:58:52
No se halla el objeto de tag Battle desde el script tiles_Tutorial (13)
------------------------------------------

19-06-2022 22:58:52
No se halla el objeto de tag Battle desde el script tiles_Tutorial (17)
------------------------------------------

19-06-2022 22:58:52
No se halla el objeto de tag Battle desde el script tiles_Tutorial (6)
------------------------------------------

19-06-2022 22:58:52
No se halla el objeto de tag Battle desde el script tiles_Tutorial (21)
------------------------------------------

19-06-2022 22:58:52
No se halla el objeto de tag Battle desde el script tiles_Tutorial (9)
------------------------------------------

19-06-2022 22:58:52
No se halla el objeto de tag Battle desde el script Village_8
------------------------------------------

19-06-2022 22:58:52
No se halla el objeto de tag Battle desde el script tiles_Tutorial (4)
------------------------------------------

19-06-2022 22:58:52
No se halla el objeto de tag Battle desde el script Village_5
------------------------------------------

19-06-2022 22:58:52
No se halla el objeto de tag Battle desde el script tiles_Tutorial (19)
------------------------------------------

19-06-2022 22:58:52
No se halla el objeto de tag Battle desde el script tiles_Tutorial (15)
------------------------------------------

19-06-2022 22:58:52
No se halla el objeto de tag Battle desde el script tiles_Tutorial (18)
------------------------------------------

19-06-2022 22:58:52
No se halla el objeto de tag Battle desde el script tiles_Tutorial
------------------------------------------

19-06-2022 22:58:52
No se halla el objeto de tag Battle desde el script tiles_Tutorial (3)
------------------------------------------

19-06-2022 22:58:52
No se halla el objeto de tag Battle desde el script tiles_Tutorial (2)
------------------------------------------

19-06-2022 22:58:52
No se halla el objeto de tag Battle desde el script tiles_Tutorial (8)
------------------------------------------

19-06-2022 22:58:52
No se halla el objeto de tag Battle desde el script tiles_Tutorial (23)
------------------------------------------

19-06-2022 22:58:52
No se halla el objeto de tag Battle desde el script tiles_Tutorial (10)
------------------------------------------

19-06-2022 22:58:52
No se halla el objeto de tag Battle desde el script tiles_Tutorial (11)
------------------------------------------

19-06-2022 22:58:52
No se halla el objeto de tag Battle desde el script Village_1
------------------------------------------

19-06-2022 22:58:52
No se halla el objeto de tag Battle desde el script tiles_Tutorial (24)
------------------------------------------

19-06-2022 22:58:52
No se halla el objeto de tag Battle desde el script tiles_Tutorial (16)
------------------------------------------

19-06-2022 22:58:52
No se halla el objeto de tag Battle desde el script tiles_Tutorial (7)
------------------------------------------

19-06-2022 22:58:52
No se halla el objeto de tag Battle desde el script tiles_Tutorial (22)
------------------------------------------

19-06-2022 22:58:52
No se halla el objeto de tag Battle desde el script Village_0
------------------------------------------

19-06-2022 22:58:52
No se halla el objeto de tag Battle desde el script Village_4
------------------------------------------

19-06-2022 22:58:52
No se halla el objeto de tag Battle desde el script tiles_Tutorial (5)
------------------------------------------

19-06-2022 23:09:04
No se halla el objeto de tag Battle desde el script tiles_Tutorial (20)
------------------------------------------

19-06-2022 23:09:04
No se halla el objeto de tag Battle desde el script Village_3
------------------------------------------

19-06-2022 23:09:04
No se halla el objeto de tag Battle desde el script tiles_Tutorial (1)
------------------------------------------

19-06-2022 23:09:04
No se halla el objeto de tag Battle desde el script Village_6
------------------------------------------

19-06-2022 23:09:04
No se halla el objeto de tag Battle desde el script tiles_Tutorial (12)
------------------------------------------

19-06-2022 23:09:04
No se halla el objeto de tag Battle desde el script tiles_Tutorial (26)
------------------------------------------

19-06-2022 23:09:04
No se halla el objeto de tag Battle desde el script tiles_Tutorial (25)
------------------------------------------

19-06-2022 23:09:04
No se halla el objeto de tag Battle desde el script tiles_Tutorial (14)
------------------------------------------

19-06-2022 23:09:04
No se halla el objeto de tag Battle desde el script Village_7
------------------------------------------

19-06-2022 23:09:04
No se halla el objeto de tag Battle desde el script Village_2
------------------------------------------

19-06-2022 23:09:04
No se halla el objeto de tag Battle desde el script tiles_Tutorial (13)
------------------------------------------

19-06-2022 23:09:04
No se halla el objeto de tag Battle desde el script tiles_Tutorial (17)
------------------------------------------

19-06-2022 23:09:04
No se halla el objeto de tag Battle desde el script tiles_Tutorial (6)
------------------------------------------

19-06-2022 23:09:04
No se halla el objeto de tag Battle desde el script tiles_Tutorial (21)
------------------------------------------

19-06-2022 23:09:04
No se halla el objeto de tag Battle desde el script tiles_Tutorial (9)
------------------------------------------

19-06-2022 23:09:04
No se halla el objeto de tag Battle desde el script Village_8
------------------------------------------

19-06-2022 23:09:04
No se halla el objeto de tag Battle desde el script tiles_Tutorial (4)
------------------------------------------

19-06-2022 23:09:04
No se halla el objeto de tag Battle desde el script Village_5
------------------------------------------

19-06-2022 23:09:04
No se halla el objeto de tag Battle desde el script tiles_Tutorial (19)
------------------------------------------

19-06-2022 23:09:04
No se halla el objeto de tag Battle desde el script tiles_Tutorial (15)
------------------------------------------

19-06-2022 23:09:04
No se halla el objeto de tag Battle desde el script tiles_Tutorial (18)
------------------------------------------

19-06-2022 23:09:04
No se halla el objeto de tag Battle desde el script tiles_Tutorial
------------------------------------------

19-06-2022 23:09:04
No se halla el objeto de tag Battle desde el script tiles_Tutorial (3)
------------------------------------------

19-06-2022 23:09:04
No se halla el objeto de tag Battle desde el script tiles_Tutorial (2)
------------------------------------------

19-06-2022 23:09:04
No se halla el objeto de tag Battle desde el script tiles_Tutorial (8)
------------------------------------------

19-06-2022 23:09:04
No se halla el objeto de tag Battle desde el script tiles_Tutorial (23)
------------------------------------------

19-06-2022 23:09:04
No se halla el objeto de tag Battle desde el script tiles_Tutorial (10)
------------------------------------------

19-06-2022 23:09:04
No se halla el objeto de tag Battle desde el script tiles_Tutorial (11)
------------------------------------------

19-06-2022 23:09:04
No se halla el objeto de tag Battle desde el script Village_1
------------------------------------------

19-06-2022 23:09:04
No se halla el objeto de tag Battle desde el script tiles_Tutorial (24)
------------------------------------------

19-06-2022 23:09:04
No se halla el objeto de tag Battle desde el script tiles_Tutorial (16)
------------------------------------------

19-06-2022 23:09:04
No se halla el objeto de tag Battle desde el script tiles_Tutorial (7)
------------------------------------------

19-06-2022 23:09:04
No se halla el objeto de tag Battle desde el script tiles_Tutorial (22)
------------------------------------------

19-06-2022 23:09:04
No se halla el objeto de tag Battle desde el script Village_0
------------------------------------------

19-06-2022 23:09:04
No se halla el objeto de tag Battle desde el script Village_4
------------------------------------------

19-06-2022 23:09:04
No se halla el objeto de tag Battle desde el script tiles_Tutorial (5)
------------------------------------------

19-06-2022 23:09:35
No se halla el objeto de tag Battle desde el script tiles_Tutorial (20)
------------------------------------------

19-06-2022 23:09:35
No se halla el objeto de tag Battle desde el script Village_3
------------------------------------------

19-06-2022 23:09:35
No se halla el objeto de tag Battle desde el script tiles_Tutorial (1)
------------------------------------------

19-06-2022 23:09:35
No se halla el objeto de tag Battle desde el script Village_6
------------------------------------------

19-06-2022 23:09:35
No se halla el objeto de tag Battle desde el script tiles_Tutorial (12)
------------------------------------------

19-06-2022 23:09:35
No se halla el objeto de tag Battle desde el script tiles_Tutorial (26)
------------------------------------------

19-06-2022 23:09:35
No se halla el objeto de tag Battle desde el script tiles_Tutorial (25)
------------------------------------------

19-06-2022 23:09:35
No se halla el objeto de tag Battle desde el script tiles_Tutorial (14)
------------------------------------------

19-06-2022 23:09:35
No se halla el objeto de tag Battle desde el script Village_7
------------------------------------------

19-06-2022 23:09:35
No se halla el objeto de tag Battle desde el script Village_2
------------------------------------------

19-06-2022 23:09:35
No se halla el objeto de tag Battle desde el script tiles_Tutorial (13)
------------------------------------------

19-06-2022 23:09:35
No se halla el objeto de tag Battle desde el script tiles_Tutorial (17)
------------------------------------------

19-06-2022 23:09:35
No se halla el objeto de tag Battle desde el script tiles_Tutorial (6)
------------------------------------------

19-06-2022 23:09:35
No se halla el objeto de tag Battle desde el script tiles_Tutorial (21)
------------------------------------------

19-06-2022 23:09:35
No se halla el objeto de tag Battle desde el script tiles_Tutorial (9)
------------------------------------------

19-06-2022 23:09:35
No se halla el objeto de tag Battle desde el script Village_8
------------------------------------------

19-06-2022 23:09:35
No se halla el objeto de tag Battle desde el script tiles_Tutorial (4)
------------------------------------------

19-06-2022 23:09:35
No se halla el objeto de tag Battle desde el script Village_5
------------------------------------------

19-06-2022 23:09:35
No se halla el objeto de tag Battle desde el script tiles_Tutorial (19)
------------------------------------------

19-06-2022 23:09:35
No se halla el objeto de tag Battle desde el script tiles_Tutorial (15)
------------------------------------------

19-06-2022 23:09:35
No se halla el objeto de tag Battle desde el script tiles_Tutorial (18)
------------------------------------------

19-06-2022 23:09:35
No se halla el objeto de tag Battle desde el script tiles_Tutorial
------------------------------------------

19-06-2022 23:09:35
No se halla el objeto de tag Battle desde el script tiles_Tutorial (3)
------------------------------------------

19-06-2022 23:09:35
No se halla el objeto de tag Battle desde el script tiles_Tutorial (2)
------------------------------------------

19-06-2022 23:09:35
No se halla el objeto de tag Battle desde el script tiles_Tutorial (8)
------------------------------------------

19-06-2022 23:09:35
No se halla el objeto de tag Battle desde el script tiles_Tutorial (23)
------------------------------------------

19-06-2022 23:09:35
No se halla el objeto de tag Battle desde el script tiles_Tutorial (10)
------------------------------------------

19-06-2022 23:09:35
No se halla el objeto de tag Battle desde el script tiles_Tutorial (11)
------------------------------------------

19-06-2022 23:09:35
No se halla el objeto de tag Battle desde el script Village_1
------------------------------------------

19-06-2022 23:09:35
No se halla el objeto de tag Battle desde el script tiles_Tutorial (24)
------------------------------------------

19-06-2022 23:09:35
No se halla el objeto de tag Battle desde el script tiles_Tutorial (16)
------------------------------------------

19-06-2022 23:09:35
No se halla el objeto de tag Battle desde el script tiles_Tutorial (7)
------------------------------------------

19-06-2022 23:09:35
No se halla el objeto de tag Battle desde el script tiles_Tutorial (22)
------------------------------------------

19-06-2022 23:09:35
No se halla el objeto de tag Battle desde el script Village_0
------------------------------------------

19-06-2022 23:09:35
No se halla el objeto de tag Battle desde el script Village_4
------------------------------------------

19-06-2022 23:09:35
No se halla el objeto de tag Battle desde el script tiles_Tutorial (5)
------------------------------------------

19-06-2022 23:10:51
No se halla el objeto de tag Battle desde el script tiles_Tutorial (20)
------------------------------------------

19-06-2022 23:10:51
No se halla el objeto de tag Battle desde el script Village_3
------------------------------------------

19-06-2022 23:10:51
No se halla el objeto de tag Battle desde el script tiles_Tutorial (1)
------------------------------------------

19-06-2022 23:10:51
No se halla el objeto de tag Battle desde el script Village_6
------------------------------------------

19-06-2022 23:10:51
No se halla el objeto de tag Battle desde el script tiles_Tutorial (12)
------------------------------------------

19-06-2022 23:10:51
No se halla el objeto de tag Battle desde el script tiles_Tutorial (26)
------------------------------------------

19-06-2022 23:10:51
No se halla el objeto de tag Battle desde el script tiles_Tutorial (25)
------------------------------------------

19-06-2022 23:10:51
No se halla el objeto de tag Battle desde el script tiles_Tutorial (14)
------------------------------------------

19-06-2022 23:10:51
No se halla el objeto de tag Battle desde el script Village_7
------------------------------------------

19-06-2022 23:10:51
No se halla el objeto de tag Battle desde el script Village_2
------------------------------------------

19-06-2022 23:10:51
No se halla el objeto de tag Battle desde el script tiles_Tutorial (13)
------------------------------------------

19-06-2022 23:10:51
No se halla el objeto de tag Battle desde el script tiles_Tutorial (17)
------------------------------------------

19-06-2022 23:10:51
No se halla el objeto de tag Battle desde el script tiles_Tutorial (6)
------------------------------------------

19-06-2022 23:10:51
No se halla el objeto de tag Battle desde el script tiles_Tutorial (21)
------------------------------------------

19-06-2022 23:10:51
No se halla el objeto de tag Battle desde el script tiles_Tutorial (9)
------------------------------------------

19-06-2022 23:10:51
No se halla el objeto de tag Battle desde el script Village_8
------------------------------------------

19-06-2022 23:10:51
No se halla el objeto de tag Battle desde el script tiles_Tutorial (4)
------------------------------------------

19-06-2022 23:10:51
No se halla el objeto de tag Battle desde el script Village_5
------------------------------------------

19-06-2022 23:10:51
No se halla el objeto de tag Battle desde el script tiles_Tutorial (19)
------------------------------------------

19-06-2022 23:10:51
No se halla el objeto de tag Battle desde el script tiles_Tutorial (15)
------------------------------------------

19-06-2022 23:10:51
No se halla el objeto de tag Battle desde el script tiles_Tutorial (18)
------------------------------------------

19-06-2022 23:10:51
No se halla el objeto de tag Battle desde el script tiles_Tutorial
------------------------------------------

19-06-2022 23:10:51
No se halla el objeto de tag Battle desde el script tiles_Tutorial (3)
------------------------------------------

19-06-2022 23:10:51
No se halla el objeto de tag Battle desde el script tiles_Tutorial (2)
------------------------------------------

19-06-2022 23:10:51
No se halla el objeto de tag Battle desde el script tiles_Tutorial (8)
------------------------------------------

19-06-2022 23:10:51
No se halla el objeto de tag Battle desde el script tiles_Tutorial (23)
------------------------------------------

19-06-2022 23:10:51
No se halla el objeto de tag Battle desde el script tiles_Tutorial (10)
------------------------------------------

19-06-2022 23:10:51
No se halla el objeto de tag Battle desde el script tiles_Tutorial (11)
------------------------------------------

19-06-2022 23:10:51
No se halla el objeto de tag Battle desde el script Village_1
------------------------------------------

19-06-2022 23:10:51
No se halla el objeto de tag Battle desde el script tiles_Tutorial (24)
------------------------------------------

19-06-2022 23:10:51
No se halla el objeto de tag Battle desde el script tiles_Tutorial (16)
------------------------------------------

19-06-2022 23:10:51
No se halla el objeto de tag Battle desde el script tiles_Tutorial (7)
------------------------------------------

19-06-2022 23:10:51
No se halla el objeto de tag Battle desde el script tiles_Tutorial (22)
------------------------------------------

19-06-2022 23:10:51
No se halla el objeto de tag Battle desde el script Village_0
------------------------------------------

19-06-2022 23:10:51
No se halla el objeto de tag Battle desde el script Village_4
------------------------------------------

19-06-2022 23:10:51
No se halla el objeto de tag Battle desde el script tiles_Tutorial (5)
------------------------------------------

19-06-2022 23:21:52
No se halla el objeto de tag Battle desde el script tiles_Tutorial (20)
------------------------------------------

19-06-2022 23:21:52
No se halla el objeto de tag Battle desde el script Village_3
------------------------------------------

19-06-2022 23:21:52
No se halla el objeto de tag Battle desde el script tiles_Tutorial (1)
------------------------------------------

19-06-2022 23:21:52
No se halla el objeto de tag Battle desde el script Village_6
------------------------------------------

19-06-2022 23:21:52
No se halla el objeto de tag Battle desde el script tiles_Tutorial (12)
------------------------------------------

19-06-2022 23:21:52
No se halla el objeto de tag Battle desde el script tiles_Tutorial (26)
------------------------------------------

19-06-2022 23:21:52
No se halla el objeto de tag Battle desde el script tiles_Tutorial (25)
------------------------------------------

19-06-2022 23:21:52
No se halla el objeto de tag Battle desde el script tiles_Tutorial (14)
------------------------------------------

19-06-2022 23:21:52
No se halla el objeto de tag Battle desde el script Village_7
------------------------------------------

19-06-2022 23:21:52
No se halla el objeto de tag Battle desde el script Village_2
------------------------------------------

19-06-2022 23:21:52
No se halla el objeto de tag Battle desde el script tiles_Tutorial (13)
------------------------------------------

19-06-2022 23:21:52
No se halla el objeto de tag Battle desde el script tiles_Tutorial (17)
------------------------------------------

19-06-2022 23:21:52
No se halla el objeto de tag Battle desde el script tiles_Tutorial (6)
------------------------------------------

19-06-2022 23:21:52
No se halla el objeto de tag Battle desde el script tiles_Tutorial (21)
------------------------------------------

19-06-2022 23:21:52
No se halla el objeto de tag Battle desde el script tiles_Tutorial (9)
------------------------------------------

19-06-2022 23:21:52
No se halla el objeto de tag Battle desde el script Village_8
------------------------------------------

19-06-2022 23:21:52
No se halla el objeto de tag Battle desde el script tiles_Tutorial (4)
------------------------------------------

19-06-2022 23:21:52
No se halla el objeto de tag Battle desde el script Village_5
------------------------------------------

19-06-2022 23:21:52
No se halla el objeto de tag Battle desde el script tiles_Tutorial (19)
------------------------------------------

19-06-2022 23:22:41
No se halla el objeto de tag Battle desde el script tiles_Tutorial (15)
------------------------------------------

19-06-2022 23:22:41
No se halla el objeto de tag Battle desde el script tiles_Tutorial (18)
------------------------------------------

19-06-2022 23:22:41
No se halla el objeto de tag Battle desde el script tiles_Tutorial
------------------------------------------

19-06-2022 23:22:41
No se halla el objeto de tag Battle desde el script tiles_Tutorial (3)
------------------------------------------

19-06-2022 23:22:41
No se halla el objeto de tag Battle desde el script tiles_Tutorial (2)
------------------------------------------

19-06-2022 23:22:41
No se halla el objeto de tag Battle desde el script tiles_Tutorial (8)
------------------------------------------

19-06-2022 23:22:41
No se halla el objeto de tag Battle desde el script tiles_Tutorial (23)
------------------------------------------

19-06-2022 23:22:41
No se halla el objeto de tag Battle desde el script tiles_Tutorial (10)
------------------------------------------

19-06-2022 23:22:41
No se halla el objeto de tag Battle desde el script tiles_Tutorial (11)
------------------------------------------

19-06-2022 23:22:41
No se halla el objeto de tag Battle desde el script Village_1
------------------------------------------

19-06-2022 23:22:41
No se halla el objeto de tag Battle desde el script tiles_Tutorial (24)
------------------------------------------

19-06-2022 23:22:41
No se halla el objeto de tag Battle desde el script tiles_Tutorial (16)
------------------------------------------

19-06-2022 23:22:41
No se halla el objeto de tag Battle desde el script tiles_Tutorial (7)
------------------------------------------

19-06-2022 23:22:41
No se halla el objeto de tag Battle desde el script tiles_Tutorial (22)
------------------------------------------

19-06-2022 23:22:41
No se halla el objeto de tag Battle desde el script Village_0
------------------------------------------

19-06-2022 23:22:41
No se halla el objeto de tag Battle desde el script Village_4
------------------------------------------

19-06-2022 23:22:41
No se halla el objeto de tag Battle desde el script tiles_Tutorial (5)
------------------------------------------

19-06-2022 23:24:23
No se halla el objeto de tag Battle desde el script tiles_Tutorial (20)
------------------------------------------

19-06-2022 23:24:23
No se halla el objeto de tag Battle desde el script Village_3
------------------------------------------

19-06-2022 23:24:23
No se halla el objeto de tag Battle desde el script tiles_Tutorial (1)
------------------------------------------

19-06-2022 23:24:23
No se halla el objeto de tag Battle desde el script Village_6
------------------------------------------

19-06-2022 23:24:23
No se halla el objeto de tag Battle desde el script tiles_Tutorial (12)
------------------------------------------

19-06-2022 23:24:23
No se halla el objeto de tag Battle desde el script tiles_Tutorial (26)
------------------------------------------

19-06-2022 23:24:23
No se halla el objeto de tag Battle desde el script tiles_Tutorial (25)
------------------------------------------

19-06-2022 23:24:23
No se halla el objeto de tag Battle desde el script tiles_Tutorial (14)
------------------------------------------

19-06-2022 23:24:23
No se halla el objeto de tag Battle desde el script Village_7
------------------------------------------

19-06-2022 23:24:23
No se halla el objeto de tag Battle desde el script Village_2
------------------------------------------

19-06-2022 23:24:23
No se halla el objeto de tag Battle desde el script tiles_Tutorial (13)
------------------------------------------

19-06-2022 23:24:23
No se halla el objeto de tag Battle desde el script tiles_Tutorial (17)
------------------------------------------

19-06-2022 23:24:23
No se halla el objeto de tag Battle desde el script tiles_Tutorial (6)
------------------------------------------

19-06-2022 23:24:23
No se halla el objeto de tag Battle desde el script tiles_Tutorial (21)
------------------------------------------

19-06-2022 23:24:23
No se halla el objeto de tag Battle desde el script tiles_Tutorial (9)
------------------------------------------

19-06-2022 23:24:23
No se halla el objeto de tag Battle desde el script Village_8
------------------------------------------

19-06-2022 23:24:23
No se halla el objeto de tag Battle desde el script tiles_Tutorial (4)
------------------------------------------

19-06-2022 23:24:23
No se halla el objeto de tag Battle desde el script Village_5
------------------------------------------

19-06-2022 23:24:23
No se halla el objeto de tag Battle desde el script tiles_Tutorial (19)
------------------------------------------

19-06-2022 23:24:23
No se halla el objeto de tag Battle desde el script tiles_Tutorial (15)
------------------------------------------

19-06-2022 23:24:23
No se halla el objeto de tag Battle desde el script tiles_Tutorial (18)
------------------------------------------

19-06-2022 23:24:23
No se halla el objeto de tag Battle desde el script tiles_Tutorial
------------------------------------------

19-06-2022 23:24:23
No se halla el objeto de tag Battle desde el script tiles_Tutorial (3)
------------------------------------------

19-06-2022 23:24:23
No se halla el objeto de tag Battle desde el script tiles_Tutorial (2)
------------------------------------------

19-06-2022 23:24:23
No se halla el objeto de tag Battle desde el script tiles_Tutorial (8)
------------------------------------------

19-06-2022 23:24:23
No se halla el objeto de tag Battle desde el script tiles_Tutorial (23)
------------------------------------------

19-06-2022 23:24:23
No se halla el objeto de tag Battle desde el script tiles_Tutorial (10)
------------------------------------------

19-06-2022 23:24:23
No se halla el objeto de tag Battle desde el script tiles_Tutorial (11)
------------------------------------------

19-06-2022 23:24:23
No se halla el objeto de tag Battle desde el script Village_1
------------------------------------------

19-06-2022 23:24:23
No se halla el objeto de tag Battle desde el script tiles_Tutorial (24)
------------------------------------------

19-06-2022 23:24:23
No se halla el objeto de tag Battle desde el script tiles_Tutorial (16)
------------------------------------------

19-06-2022 23:24:23
No se halla el objeto de tag Battle desde el script tiles_Tutorial (7)
------------------------------------------

19-06-2022 23:24:23
No se halla el objeto de tag Battle desde el script tiles_Tutorial (22)
------------------------------------------

19-06-2022 23:24:23
No se halla el objeto de tag Battle desde el script Village_0
------------------------------------------

19-06-2022 23:24:23
No se halla el objeto de tag Battle desde el script Village_4
------------------------------------------

19-06-2022 23:24:23
No se halla el objeto de tag Battle desde el script tiles_Tutorial (5)
------------------------------------------

19-06-2022 23:36:37
No se halla el objeto de tag Battle desde el script tiles_Tutorial (20)
------------------------------------------

19-06-2022 23:36:37
No se halla el objeto de tag Battle desde el script Village_3
------------------------------------------

19-06-2022 23:36:37
No se halla el objeto de tag Battle desde el script tiles_Tutorial (1)
------------------------------------------

19-06-2022 23:36:37
No se halla el objeto de tag Battle desde el script Village_6
------------------------------------------

19-06-2022 23:36:37
No se halla el objeto de tag Battle desde el script tiles_Tutorial (12)
------------------------------------------

19-06-2022 23:36:37
No se halla el objeto de tag Battle desde el script tiles_Tutorial (26)
------------------------------------------

19-06-2022 23:36:37
No se halla el objeto de tag Battle desde el script tiles_Tutorial (25)
------------------------------------------

19-06-2022 23:36:37
No se halla el objeto de tag Battle desde el script tiles_Tutorial (14)
------------------------------------------

19-06-2022 23:36:37
No se halla el objeto de tag Battle desde el script Village_7
------------------------------------------

19-06-2022 23:36:37
No se halla el objeto de tag Battle desde el script Village_2
------------------------------------------

19-06-2022 23:36:37
No se halla el objeto de tag Battle desde el script tiles_Tutorial (13)
------------------------------------------

19-06-2022 23:36:37
No se halla el objeto de tag Battle desde el script tiles_Tutorial (17)
------------------------------------------

19-06-2022 23:36:37
No se halla el objeto de tag Battle desde el script tiles_Tutorial (6)
------------------------------------------

19-06-2022 23:36:37
No se halla el objeto de tag Battle desde el script tiles_Tutorial (21)
------------------------------------------

19-06-2022 23:36:37
No se halla el objeto de tag Battle desde el script tiles_Tutorial (9)
------------------------------------------

19-06-2022 23:36:37
No se halla el objeto de tag Battle desde el script Village_8
------------------------------------------

19-06-2022 23:36:37
No se halla el objeto de tag Battle desde el script tiles_Tutorial (4)
------------------------------------------

19-06-2022 23:36:37
No se halla el objeto de tag Battle desde el script Village_5
------------------------------------------

19-06-2022 23:36:37
No se halla el objeto de tag Battle desde el script tiles_Tutorial (19)
------------------------------------------

19-06-2022 23:36:37
No se halla el objeto de tag Battle desde el script tiles_Tutorial (15)
------------------------------------------

19-06-2022 23:36:37
No se halla el objeto de tag Battle desde el script tiles_Tutorial (18)
------------------------------------------

19-06-2022 23:36:37
No se halla el objeto de tag Battle desde el script tiles_Tutorial
------------------------------------------

19-06-2022 23:36:37
No se halla el objeto de tag Battle desde el script tiles_Tutorial (3)
------------------------------------------

19-06-2022 23:36:37
No se halla el objeto de tag Battle desde el script tiles_Tutorial (2)
------------------------------------------

19-06-2022 23:36:37
No se halla el objeto de tag Battle desde el script tiles_Tutorial (8)
------------------------------------------

19-06-2022 23:36:37
No se halla el objeto de tag Battle desde el script tiles_Tutorial (23)
------------------------------------------

19-06-2022 23:36:37
No se halla el objeto de tag Battle desde el script tiles_Tutorial (10)
------------------------------------------

19-06-2022 23:36:37
No se halla el objeto de tag Battle desde el script tiles_Tutorial (11)
------------------------------------------

19-06-2022 23:36:37
No se halla el objeto de tag Battle desde el script Village_1
------------------------------------------

19-06-2022 23:36:37
No se halla el objeto de tag Battle desde el script tiles_Tutorial (24)
------------------------------------------

19-06-2022 23:36:37
No se halla el objeto de tag Battle desde el script tiles_Tutorial (16)
------------------------------------------

19-06-2022 23:36:37
No se halla el objeto de tag Battle desde el script tiles_Tutorial (7)
------------------------------------------

19-06-2022 23:36:37
No se halla el objeto de tag Battle desde el script tiles_Tutorial (22)
------------------------------------------

19-06-2022 23:36:37
No se halla el objeto de tag Battle desde el script Village_0
------------------------------------------

19-06-2022 23:36:37
No se halla el objeto de tag Battle desde el script Village_4
------------------------------------------

19-06-2022 23:36:37
No se halla el objeto de tag Battle desde el script tiles_Tutorial (5)
------------------------------------------

19-06-2022 23:37:25
No se halla el objeto de tag Battle desde el script tiles_Tutorial (20)
------------------------------------------

19-06-2022 23:37:25
No se halla el objeto de tag Battle desde el script Village_3
------------------------------------------

19-06-2022 23:37:25
No se halla el objeto de tag Battle desde el script tiles_Tutorial (1)
------------------------------------------

19-06-2022 23:37:25
No se halla el objeto de tag Battle desde el script Village_6
------------------------------------------

19-06-2022 23:37:25
No se halla el objeto de tag Battle desde el script tiles_Tutorial (12)
------------------------------------------

19-06-2022 23:37:25
No se halla el objeto de tag Battle desde el script tiles_Tutorial (26)
------------------------------------------

19-06-2022 23:37:25
No se halla el objeto de tag Battle desde el script tiles_Tutorial (25)
------------------------------------------

19-06-2022 23:37:25
No se halla el objeto de tag Battle desde el script tiles_Tutorial (14)
------------------------------------------

19-06-2022 23:37:25
No se halla el objeto de tag Battle desde el script Village_7
------------------------------------------

19-06-2022 23:37:25
No se halla el objeto de tag Battle desde el script Village_2
------------------------------------------

19-06-2022 23:37:25
No se halla el objeto de tag Battle desde el script tiles_Tutorial (13)
------------------------------------------

19-06-2022 23:37:25
No se halla el objeto de tag Battle desde el script tiles_Tutorial (17)
------------------------------------------

19-06-2022 23:37:25
No se halla el objeto de tag Battle desde el script tiles_Tutorial (6)
------------------------------------------

19-06-2022 23:37:25
No se halla el objeto de tag Battle desde el script tiles_Tutorial (21)
------------------------------------------

19-06-2022 23:37:25
No se halla el objeto de tag Battle desde el script tiles_Tutorial (9)
------------------------------------------

19-06-2022 23:37:25
No se halla el objeto de tag Battle desde el script Village_8
------------------------------------------

19-06-2022 23:37:25
No se halla el objeto de tag Battle desde el script tiles_Tutorial (4)
------------------------------------------

19-06-2022 23:37:25
No se halla el objeto de tag Battle desde el script Village_5
------------------------------------------

19-06-2022 23:37:25
No se halla el objeto de tag Battle desde el script tiles_Tutorial (19)
------------------------------------------

19-06-2022 23:37:25
No se halla el objeto de tag Battle desde el script tiles_Tutorial (15)
------------------------------------------

19-06-2022 23:37:25
No se halla el objeto de tag Battle desde el script tiles_Tutorial (18)
------------------------------------------

19-06-2022 23:37:25
No se halla el objeto de tag Battle desde el script tiles_Tutorial
------------------------------------------

19-06-2022 23:37:25
No se halla el objeto de tag Battle desde el script tiles_Tutorial (3)
------------------------------------------

19-06-2022 23:37:25
No se halla el objeto de tag Battle desde el script tiles_Tutorial (2)
------------------------------------------

19-06-2022 23:37:25
No se halla el objeto de tag Battle desde el script tiles_Tutorial (8)
------------------------------------------

19-06-2022 23:37:25
No se halla el objeto de tag Battle desde el script tiles_Tutorial (23)
------------------------------------------

19-06-2022 23:37:25
No se halla el objeto de tag Battle desde el script tiles_Tutorial (10)
------------------------------------------

19-06-2022 23:37:25
No se halla el objeto de tag Battle desde el script tiles_Tutorial (11)
------------------------------------------

19-06-2022 23:37:25
No se halla el objeto de tag Battle desde el script Village_1
------------------------------------------

19-06-2022 23:37:25
No se halla el objeto de tag Battle desde el script tiles_Tutorial (24)
------------------------------------------

19-06-2022 23:37:25
No se halla el objeto de tag Battle desde el script tiles_Tutorial (16)
------------------------------------------

19-06-2022 23:37:25
No se halla el objeto de tag Battle desde el script tiles_Tutorial (7)
------------------------------------------

19-06-2022 23:37:25
No se halla el objeto de tag Battle desde el script tiles_Tutorial (22)
------------------------------------------

19-06-2022 23:37:25
No se halla el objeto de tag Battle desde el script Village_0
------------------------------------------

19-06-2022 23:37:25
No se halla el objeto de tag Battle desde el script Village_4
------------------------------------------

19-06-2022 23:37:25
No se halla el objeto de tag Battle desde el script tiles_Tutorial (5)
------------------------------------------

