01-07-2022 17:10:25
UIEl canvas es de la escena Tutorial
------------------------------------------

01-07-2022 17:23:39
UI  Es el canvas es de la escena Tutorial
------------------------------------------

01-07-2022 17:23:59
UI  Es el canvas es de la escena Tutorial
------------------------------------------

01-07-2022 17:23:59
UI  Es el canvas es de la escena Tutorial
------------------------------------------

01-07-2022 17:24:22
UI  Es el canvas es de la escena Level
------------------------------------------

01-07-2022 17:24:22
UI  Es el canvas es de la escena Level
------------------------------------------

01-07-2022 17:24:24
UI  Es el canvas es de la escena Level
------------------------------------------

01-07-2022 17:24:24
UI  Es el canvas es de la escena Level
------------------------------------------

01-07-2022 17:24:24
UI  Es el canvas es de la escena Level
------------------------------------------

01-07-2022 17:24:24
UI  Es el canvas es de la escena Level
------------------------------------------

01-07-2022 17:24:24
UI  Es el canvas es de la escena Level
------------------------------------------

01-07-2022 17:24:24
UI  Es el canvas es de la escena Level
------------------------------------------

01-07-2022 17:24:24
UI  Es el canvas es de la escena Level
------------------------------------------

01-07-2022 17:24:24
UI  Es el canvas es de la escena Level
------------------------------------------

01-07-2022 17:24:24
UI  Es el canvas es de la escena Level
------------------------------------------

01-07-2022 17:24:24
UI  Es el canvas es de la escena Level
------------------------------------------

01-07-2022 17:24:24
UI  Es el canvas es de la escena Level
------------------------------------------

01-07-2022 17:24:24
UI  Es el canvas es de la escena Level
------------------------------------------

01-07-2022 17:24:24
UI  Es el canvas es de la escena Level
------------------------------------------

01-07-2022 17:24:24
UI  Es el canvas es de la escena Level
------------------------------------------

01-07-2022 17:24:24
UI  Es el canvas es de la escena Level
------------------------------------------

01-07-2022 17:24:24
UI  Es el canvas es de la escena Level
------------------------------------------

01-07-2022 17:24:24
UI  Es el canvas es de la escena Level
------------------------------------------

01-07-2022 17:24:24
UI  Es el canvas es de la escena Level
------------------------------------------

01-07-2022 17:24:24
UI  Es el canvas es de la escena Level
------------------------------------------

01-07-2022 17:24:24
UI  Es el canvas es de la escena Level
------------------------------------------

01-07-2022 17:24:24
UI  Es el canvas es de la escena Level
------------------------------------------

01-07-2022 17:24:24
UI  Es el canvas es de la escena Level
------------------------------------------

01-07-2022 17:24:37
UI  Es el canvas es de la escena Level
------------------------------------------

01-07-2022 17:24:37
UI  Es el canvas es de la escena Level
------------------------------------------

01-07-2022 17:24:37
UI  Es el canvas es de la escena Level
------------------------------------------

01-07-2022 17:24:37
UI  Es el canvas es de la escena Level
------------------------------------------

01-07-2022 17:24:37
UI  Es el canvas es de la escena Level
------------------------------------------

01-07-2022 17:24:37
UI  Es el canvas es de la escena Level
------------------------------------------

01-07-2022 17:24:37
UI  Es el canvas es de la escena Level
------------------------------------------

01-07-2022 17:24:37
UI  Es el canvas es de la escena Level
------------------------------------------

01-07-2022 17:24:37
UI  Es el canvas es de la escena Level
------------------------------------------

01-07-2022 17:24:37
UI  Es el canvas es de la escena Level
------------------------------------------

01-07-2022 17:24:37
UI  Es el canvas es de la escena Level
------------------------------------------

01-07-2022 17:24:37
UI  Es el canvas es de la escena Level
------------------------------------------

01-07-2022 17:24:37
UI  Es el canvas es de la escena Level
------------------------------------------

01-07-2022 17:24:37
UI  Es el canvas es de la escena Level
------------------------------------------

01-07-2022 17:24:37
UI  Es el canvas es de la escena Level
------------------------------------------

01-07-2022 17:24:37
UI  Es el canvas es de la escena Level
------------------------------------------

01-07-2022 17:24:37
UI  Es el canvas es de la escena Level
------------------------------------------

01-07-2022 17:24:37
UI  Es el canvas es de la escena Level
------------------------------------------

01-07-2022 17:24:37
UI  Es el canvas es de la escena Level
------------------------------------------

01-07-2022 17:24:37
UI  Es el canvas es de la escena Level
------------------------------------------

01-07-2022 17:24:37
UI  Es el canvas es de la escena Level
------------------------------------------

01-07-2022 17:24:37
UI  Es el canvas es de la escena Level
------------------------------------------

01-07-2022 17:24:40
UI  Es el canvas es de la escena Level
------------------------------------------

01-07-2022 17:24:40
UI  Es el canvas es de la escena Level
------------------------------------------

01-07-2022 17:24:40
UI  Es el canvas es de la escena Level
------------------------------------------

01-07-2022 17:24:40
UI  Es el canvas es de la escena Level
------------------------------------------

01-07-2022 17:24:40
UI  Es el canvas es de la escena Level
------------------------------------------

01-07-2022 17:24:40
UI  Es el canvas es de la escena Level
------------------------------------------

01-07-2022 17:24:40
UI  Es el canvas es de la escena Level
------------------------------------------

01-07-2022 17:24:40
UI  Es el canvas es de la escena Level
------------------------------------------

01-07-2022 17:24:40
UI  Es el canvas es de la escena Level
------------------------------------------

01-07-2022 17:24:40
UI  Es el canvas es de la escena Level
------------------------------------------

01-07-2022 17:24:40
UI  Es el canvas es de la escena Level
------------------------------------------

01-07-2022 17:24:40
UI  Es el canvas es de la escena Level
------------------------------------------

01-07-2022 17:24:40
UI  Es el canvas es de la escena Level
------------------------------------------

01-07-2022 17:24:40
UI  Es el canvas es de la escena Level
------------------------------------------

01-07-2022 17:24:40
UI  Es el canvas es de la escena Level
------------------------------------------

01-07-2022 17:24:40
UI  Es el canvas es de la escena Level
------------------------------------------

01-07-2022 17:24:40
UI  Es el canvas es de la escena Level
------------------------------------------

01-07-2022 17:24:40
UI  Es el canvas es de la escena Level
------------------------------------------

01-07-2022 17:24:40
UI  Es el canvas es de la escena Level
------------------------------------------

01-07-2022 17:24:40
UI  Es el canvas es de la escena Level
------------------------------------------

01-07-2022 17:24:40
UI  Es el canvas es de la escena Level
------------------------------------------

01-07-2022 17:24:40
UI  Es el canvas es de la escena Level
------------------------------------------

01-07-2022 17:24:44
UI  Es el canvas es de la escena Level
------------------------------------------

01-07-2022 17:24:44
UI  Es el canvas es de la escena Level
------------------------------------------

01-07-2022 17:24:44
UI  Es el canvas es de la escena Level
------------------------------------------

01-07-2022 17:24:44
UI  Es el canvas es de la escena Level
------------------------------------------

01-07-2022 17:24:44
UI  Es el canvas es de la escena Level
------------------------------------------

01-07-2022 17:24:44
UI  Es el canvas es de la escena Level
------------------------------------------

01-07-2022 17:24:44
UI  Es el canvas es de la escena Level
------------------------------------------

01-07-2022 17:24:44
UI  Es el canvas es de la escena Level
------------------------------------------

01-07-2022 17:24:44
UI  Es el canvas es de la escena Level
------------------------------------------

01-07-2022 17:24:44
UI  Es el canvas es de la escena Level
------------------------------------------

01-07-2022 17:24:44
UI  Es el canvas es de la escena Level
------------------------------------------

01-07-2022 17:24:44
UI  Es el canvas es de la escena Level
------------------------------------------

01-07-2022 17:24:44
UI  Es el canvas es de la escena Level
------------------------------------------

01-07-2022 17:24:44
UI  Es el canvas es de la escena Level
------------------------------------------

01-07-2022 17:24:44
UI  Es el canvas es de la escena Level
------------------------------------------

01-07-2022 17:24:44
UI  Es el canvas es de la escena Level
------------------------------------------

01-07-2022 17:24:44
UI  Es el canvas es de la escena Level
------------------------------------------

01-07-2022 17:24:44
UI  Es el canvas es de la escena Level
------------------------------------------

01-07-2022 17:24:44
UI  Es el canvas es de la escena Level
------------------------------------------

01-07-2022 17:24:44
UI  Es el canvas es de la escena Level
------------------------------------------

01-07-2022 17:24:44
UI  Es el canvas es de la escena Level
------------------------------------------

01-07-2022 17:24:44
UI  Es el canvas es de la escena Level
------------------------------------------

01-07-2022 17:24:49
UI  Es el canvas es de la escena Level
------------------------------------------

01-07-2022 17:24:49
UI  Es el canvas es de la escena Level
------------------------------------------

01-07-2022 17:24:49
UI  Es el canvas es de la escena Level
------------------------------------------

01-07-2022 17:24:49
UI  Es el canvas es de la escena Level
------------------------------------------

01-07-2022 17:24:49
UI  Es el canvas es de la escena Level
------------------------------------------

01-07-2022 17:24:49
UI  Es el canvas es de la escena Level
------------------------------------------

01-07-2022 17:24:49
UI  Es el canvas es de la escena Level
------------------------------------------

01-07-2022 17:24:49
UI  Es el canvas es de la escena Level
------------------------------------------

01-07-2022 17:24:49
UI  Es el canvas es de la escena Level
------------------------------------------

01-07-2022 17:24:49
UI  Es el canvas es de la escena Level
------------------------------------------

01-07-2022 17:24:49
UI  Es el canvas es de la escena Level
------------------------------------------

01-07-2022 17:24:49
UI  Es el canvas es de la escena Level
------------------------------------------

01-07-2022 17:24:49
UI  Es el canvas es de la escena Level
------------------------------------------

01-07-2022 17:24:49
UI  Es el canvas es de la escena Level
------------------------------------------

01-07-2022 17:24:49
UI  Es el canvas es de la escena Level
------------------------------------------

01-07-2022 17:24:49
UI  Es el canvas es de la escena Level
------------------------------------------

01-07-2022 17:24:49
UI  Es el canvas es de la escena Level
------------------------------------------

01-07-2022 17:24:49
UI  Es el canvas es de la escena Level
------------------------------------------

01-07-2022 17:24:49
UI  Es el canvas es de la escena Level
------------------------------------------

01-07-2022 17:24:49
UI  Es el canvas es de la escena Level
------------------------------------------

01-07-2022 17:24:49
UI  Es el canvas es de la escena Level
------------------------------------------

01-07-2022 17:24:49
UI  Es el canvas es de la escena Level
------------------------------------------

01-07-2022 17:25:31
UI  Es el canvas es de la escena Level
------------------------------------------

01-07-2022 17:25:31
UI  Es el canvas es de la escena Level
------------------------------------------

01-07-2022 17:25:31
UI  Es el canvas es de la escena Level
------------------------------------------

01-07-2022 17:25:37
UI  Es el canvas es de la escena Level
------------------------------------------

01-07-2022 17:25:37
UI  Es el canvas es de la escena Level
------------------------------------------

01-07-2022 17:25:37
UI  Es el canvas es de la escena Level
------------------------------------------

01-07-2022 17:25:39
UI  Es el canvas es de la escena Level
------------------------------------------

01-07-2022 17:25:39
UI  Es el canvas es de la escena Level
------------------------------------------

01-07-2022 17:25:39
UI  Es el canvas es de la escena Level
------------------------------------------

01-07-2022 17:25:39
UI  Es el canvas es de la escena Level
------------------------------------------

01-07-2022 17:25:39
UI  Es el canvas es de la escena Level
------------------------------------------

01-07-2022 17:25:39
UI  Es el canvas es de la escena Level
------------------------------------------

01-07-2022 17:25:39
UI  Es el canvas es de la escena Level
------------------------------------------

01-07-2022 17:25:39
UI  Es el canvas es de la escena Level
------------------------------------------

01-07-2022 17:25:39
UI  Es el canvas es de la escena Level
------------------------------------------

01-07-2022 17:25:39
UI  Es el canvas es de la escena Level
------------------------------------------

01-07-2022 17:25:39
UI  Es el canvas es de la escena Level
------------------------------------------

01-07-2022 17:25:39
UI  Es el canvas es de la escena Level
------------------------------------------

01-07-2022 17:25:39
UI  Es el canvas es de la escena Level
------------------------------------------

01-07-2022 17:25:39
UI  Es el canvas es de la escena Level
------------------------------------------

01-07-2022 17:25:39
UI  Es el canvas es de la escena Level
------------------------------------------

01-07-2022 17:25:39
UI  Es el canvas es de la escena Level
------------------------------------------

01-07-2022 17:25:39
UI  Es el canvas es de la escena Level
------------------------------------------

01-07-2022 17:25:39
UI  Es el canvas es de la escena Level
------------------------------------------

01-07-2022 17:25:39
UI  Es el canvas es de la escena Level
------------------------------------------

01-07-2022 17:25:39
UI  Es el canvas es de la escena Level
------------------------------------------

01-07-2022 17:25:39
UI  Es el canvas es de la escena Level
------------------------------------------

01-07-2022 17:25:39
UI  Es el canvas es de la escena Level
------------------------------------------

01-07-2022 17:25:57
UI  Es el canvas es de la escena Level
------------------------------------------

01-07-2022 17:26:50
UI  Es el canvas es de la escena Level
------------------------------------------

01-07-2022 17:26:50
UI  Es el canvas es de la escena Level
------------------------------------------

01-07-2022 17:26:50
UI  Es el canvas es de la escena Level
------------------------------------------

01-07-2022 17:26:50
UI  Es el canvas es de la escena Level
------------------------------------------

01-07-2022 17:26:50
UI  Es el canvas es de la escena Level
------------------------------------------

01-07-2022 17:27:06
UI  Es el canvas es de la escena Level
------------------------------------------

01-07-2022 17:27:06
UI  Es el canvas es de la escena Level
------------------------------------------

01-07-2022 17:27:06
UI  Es el canvas es de la escena Level
------------------------------------------

01-07-2022 17:27:06
UI  Es el canvas es de la escena Level
------------------------------------------

01-07-2022 17:27:06
UI  Es el canvas es de la escena Level
------------------------------------------

01-07-2022 17:27:06
UI  Es el canvas es de la escena Level
------------------------------------------

01-07-2022 17:27:06
UI  Es el canvas es de la escena Level
------------------------------------------

01-07-2022 17:27:06
UI  Es el canvas es de la escena Level
------------------------------------------

01-07-2022 17:27:06
UI  Es el canvas es de la escena Level
------------------------------------------

01-07-2022 17:27:06
UI  Es el canvas es de la escena Level
------------------------------------------

01-07-2022 17:27:06
UI  Es el canvas es de la escena Level
------------------------------------------

01-07-2022 17:27:06
UI  Es el canvas es de la escena Level
------------------------------------------

01-07-2022 17:27:06
UI  Es el canvas es de la escena Level
------------------------------------------

01-07-2022 17:27:06
UI  Es el canvas es de la escena Level
------------------------------------------

01-07-2022 17:27:06
UI  Es el canvas es de la escena Level
------------------------------------------

01-07-2022 17:27:06
UI  Es el canvas es de la escena Level
------------------------------------------

01-07-2022 17:27:06
UI  Es el canvas es de la escena Level
------------------------------------------

01-07-2022 17:27:06
UI  Es el canvas es de la escena Level
------------------------------------------

01-07-2022 17:27:06
UI  Es el canvas es de la escena Level
------------------------------------------

01-07-2022 17:27:06
UI  Es el canvas es de la escena Level
------------------------------------------

01-07-2022 17:27:06
UI  Es el canvas es de la escena Level
------------------------------------------

01-07-2022 17:27:06
UI  Es el canvas es de la escena Level
------------------------------------------

01-07-2022 17:27:15
UI  Es el canvas es de la escena Level
------------------------------------------

01-07-2022 17:27:31
UI  Es el canvas es de la escena Level
------------------------------------------

01-07-2022 17:27:31
UI  Es el canvas es de la escena Level
------------------------------------------

01-07-2022 17:27:31
UI  Es el canvas es de la escena Level
------------------------------------------

01-07-2022 17:28:52
UI  Es el canvas es de la escena Level
------------------------------------------

01-07-2022 17:28:52
UI  Es el canvas es de la escena Level
------------------------------------------

01-07-2022 17:28:52
UI  Es el canvas es de la escena Level
------------------------------------------

01-07-2022 17:28:52
UI  Es el canvas es de la escena Level
------------------------------------------

01-07-2022 17:28:52
UI  Es el canvas es de la escena Level
------------------------------------------

01-07-2022 17:28:52
UI  Es el canvas es de la escena Level
------------------------------------------

01-07-2022 17:28:52
UI  Es el canvas es de la escena Level
------------------------------------------

01-07-2022 17:28:55
UI  Es el canvas es de la escena Level
------------------------------------------

01-07-2022 17:28:55
UI  Es el canvas es de la escena Level
------------------------------------------

01-07-2022 17:28:55
UI  Es el canvas es de la escena Level
------------------------------------------

01-07-2022 17:28:55
UI  Es el canvas es de la escena Level
------------------------------------------

01-07-2022 17:28:55
UI  Es el canvas es de la escena Level
------------------------------------------

01-07-2022 17:28:55
UI  Es el canvas es de la escena Level
------------------------------------------

01-07-2022 17:28:55
UI  Es el canvas es de la escena Level
------------------------------------------

01-07-2022 17:28:55
UI  Es el canvas es de la escena Level
------------------------------------------

01-07-2022 17:28:55
UI  Es el canvas es de la escena Level
------------------------------------------

01-07-2022 17:28:55
UI  Es el canvas es de la escena Level
------------------------------------------

01-07-2022 17:28:55
UI  Es el canvas es de la escena Level
------------------------------------------

01-07-2022 17:28:55
UI  Es el canvas es de la escena Level
------------------------------------------

01-07-2022 17:28:55
UI  Es el canvas es de la escena Level
------------------------------------------

01-07-2022 17:28:55
UI  Es el canvas es de la escena Level
------------------------------------------

01-07-2022 17:28:55
UI  Es el canvas es de la escena Level
------------------------------------------

01-07-2022 17:28:55
UI  Es el canvas es de la escena Level
------------------------------------------

01-07-2022 17:28:55
UI  Es el canvas es de la escena Level
------------------------------------------

01-07-2022 17:28:55
UI  Es el canvas es de la escena Level
------------------------------------------

01-07-2022 17:28:55
UI  Es el canvas es de la escena Level
------------------------------------------

01-07-2022 17:28:55
UI  Es el canvas es de la escena Level
------------------------------------------

01-07-2022 17:28:55
UI  Es el canvas es de la escena Level
------------------------------------------

01-07-2022 17:28:55
UI  Es el canvas es de la escena Level
------------------------------------------

01-07-2022 17:29:14
UI  Es el canvas es de la escena Level
------------------------------------------

01-07-2022 17:29:21
UI  Es el canvas es de la escena Level
------------------------------------------

01-07-2022 17:29:43
UI  Es el canvas es de la escena Level
------------------------------------------

01-07-2022 17:29:43
UI  Es el canvas es de la escena Level
------------------------------------------

01-07-2022 17:29:43
UI  Es el canvas es de la escena Level
------------------------------------------

01-07-2022 17:29:54
UI  Es el canvas es de la escena Level
------------------------------------------

01-07-2022 17:29:54
UI  Es el canvas es de la escena Level
------------------------------------------

01-07-2022 17:29:54
UI  Es el canvas es de la escena Level
------------------------------------------

