25-05-2022 13:21:20
No se halla el objeto de tag Inventory desde el script no especifica
------------------------------------------

25-05-2022 13:21:20
No se halla el objeto de tag Inventory desde el script no especifica
------------------------------------------

25-05-2022 13:42:48
No se halla el objeto de tag Battle desde el script tiles_Tutorial (26)
------------------------------------------

25-05-2022 13:42:48
No se halla el objeto de tag Battle desde el script tiles_Tutorial (25)
------------------------------------------

25-05-2022 13:42:48
No se halla el objeto de tag Battle desde el script tiles_Tutorial (24)
------------------------------------------

25-05-2022 13:42:48
No se halla el objeto de tag Battle desde el script tiles_Tutorial (23)
------------------------------------------

25-05-2022 13:42:48
No se halla el objeto de tag Battle desde el script tiles_Tutorial (22)
------------------------------------------

25-05-2022 13:42:48
No se halla el objeto de tag Battle desde el script tiles_Tutorial (21)
------------------------------------------

25-05-2022 13:42:48
No se halla el objeto de tag Battle desde el script tiles_Tutorial (20)
------------------------------------------

25-05-2022 13:42:48
No se halla el objeto de tag Battle desde el script tiles_Tutorial (19)
------------------------------------------

25-05-2022 13:42:48
No se halla el objeto de tag Battle desde el script tiles_Tutorial (18)
------------------------------------------

25-05-2022 13:42:48
No se halla el objeto de tag Battle desde el script tiles_Tutorial (17)
------------------------------------------

25-05-2022 13:42:48
No se halla el objeto de tag Battle desde el script tiles_Tutorial (16)
------------------------------------------

25-05-2022 13:42:48
No se halla el objeto de tag Battle desde el script tiles_Tutorial (15)
------------------------------------------

25-05-2022 13:42:48
No se halla el objeto de tag Battle desde el script tiles_Tutorial (14)
------------------------------------------

25-05-2022 13:42:48
No se halla el objeto de tag Battle desde el script tiles_Tutorial (13)
------------------------------------------

25-05-2022 13:42:48
No se halla el objeto de tag Battle desde el script tiles_Tutorial (12)
------------------------------------------

25-05-2022 13:42:48
No se halla el objeto de tag Battle desde el script tiles_Tutorial (11)
------------------------------------------

25-05-2022 13:42:48
No se halla el objeto de tag Battle desde el script tiles_Tutorial (10)
------------------------------------------

25-05-2022 13:42:48
No se halla el objeto de tag Battle desde el script tiles_Tutorial (9)
------------------------------------------

25-05-2022 13:42:48
No se halla el objeto de tag Battle desde el script tiles_Tutorial (8)
------------------------------------------

25-05-2022 13:42:48
No se halla el objeto de tag Battle desde el script tiles_Tutorial (7)
------------------------------------------

25-05-2022 13:42:48
No se halla el objeto de tag Battle desde el script tiles_Tutorial (6)
------------------------------------------

25-05-2022 13:42:48
No se halla el objeto de tag Battle desde el script tiles_Tutorial (5)
------------------------------------------

25-05-2022 13:42:48
No se halla el objeto de tag Battle desde el script tiles_Tutorial (4)
------------------------------------------

25-05-2022 13:42:48
No se halla el objeto de tag Battle desde el script tiles_Tutorial (3)
------------------------------------------

25-05-2022 13:42:48
No se halla el objeto de tag Battle desde el script tiles_Tutorial (2)
------------------------------------------

25-05-2022 13:42:48
No se halla el objeto de tag Battle desde el script tiles_Tutorial (1)
------------------------------------------

25-05-2022 13:42:48
No se halla el objeto de tag Battle desde el script tiles_Tutorial
------------------------------------------

25-05-2022 13:43:09
No se halla el objeto de tag Battle desde el script tiles_Tutorial (26)
------------------------------------------

25-05-2022 13:43:09
No se halla el objeto de tag Battle desde el script tiles_Tutorial (25)
------------------------------------------

25-05-2022 13:43:09
No se halla el objeto de tag Battle desde el script tiles_Tutorial (24)
------------------------------------------

25-05-2022 13:43:09
No se halla el objeto de tag Battle desde el script tiles_Tutorial (23)
------------------------------------------

25-05-2022 13:43:09
No se halla el objeto de tag Battle desde el script tiles_Tutorial (22)
------------------------------------------

25-05-2022 13:43:09
No se halla el objeto de tag Battle desde el script tiles_Tutorial (21)
------------------------------------------

25-05-2022 13:43:09
No se halla el objeto de tag Battle desde el script tiles_Tutorial (20)
------------------------------------------

25-05-2022 13:43:09
No se halla el objeto de tag Battle desde el script tiles_Tutorial (19)
------------------------------------------

25-05-2022 13:43:09
No se halla el objeto de tag Battle desde el script tiles_Tutorial (18)
------------------------------------------

25-05-2022 13:43:09
No se halla el objeto de tag Battle desde el script tiles_Tutorial (17)
------------------------------------------

25-05-2022 13:43:09
No se halla el objeto de tag Battle desde el script tiles_Tutorial (16)
------------------------------------------

25-05-2022 13:43:09
No se halla el objeto de tag Battle desde el script tiles_Tutorial (15)
------------------------------------------

25-05-2022 13:43:09
No se halla el objeto de tag Battle desde el script tiles_Tutorial (14)
------------------------------------------

25-05-2022 13:43:09
No se halla el objeto de tag Battle desde el script tiles_Tutorial (13)
------------------------------------------

25-05-2022 13:43:09
No se halla el objeto de tag Battle desde el script tiles_Tutorial (12)
------------------------------------------

25-05-2022 13:43:09
No se halla el objeto de tag Battle desde el script tiles_Tutorial (11)
------------------------------------------

25-05-2022 13:43:09
No se halla el objeto de tag Battle desde el script tiles_Tutorial (10)
------------------------------------------

25-05-2022 13:43:09
No se halla el objeto de tag Battle desde el script tiles_Tutorial (9)
------------------------------------------

25-05-2022 13:43:09
No se halla el objeto de tag Battle desde el script tiles_Tutorial (8)
------------------------------------------

25-05-2022 13:43:09
No se halla el objeto de tag Battle desde el script tiles_Tutorial (7)
------------------------------------------

25-05-2022 13:43:09
No se halla el objeto de tag Battle desde el script tiles_Tutorial (6)
------------------------------------------

25-05-2022 13:43:09
No se halla el objeto de tag Battle desde el script tiles_Tutorial (5)
------------------------------------------

25-05-2022 13:43:09
No se halla el objeto de tag Battle desde el script tiles_Tutorial (4)
------------------------------------------

25-05-2022 13:43:09
No se halla el objeto de tag Battle desde el script tiles_Tutorial (3)
------------------------------------------

25-05-2022 13:43:09
No se halla el objeto de tag Battle desde el script tiles_Tutorial (2)
------------------------------------------

25-05-2022 13:43:09
No se halla el objeto de tag Battle desde el script tiles_Tutorial (1)
------------------------------------------

25-05-2022 13:43:09
No se halla el objeto de tag Battle desde el script tiles_Tutorial
------------------------------------------

25-05-2022 13:49:03
No se halla el objeto de tag Battle desde el script tiles_Tutorial (26)
------------------------------------------

25-05-2022 13:49:03
No se halla el objeto de tag Battle desde el script tiles_Tutorial (25)
------------------------------------------

25-05-2022 13:49:03
No se halla el objeto de tag Battle desde el script tiles_Tutorial (24)
------------------------------------------

25-05-2022 13:49:03
No se halla el objeto de tag Battle desde el script tiles_Tutorial (23)
------------------------------------------

25-05-2022 13:49:03
No se halla el objeto de tag Battle desde el script tiles_Tutorial (22)
------------------------------------------

25-05-2022 13:49:03
No se halla el objeto de tag Battle desde el script tiles_Tutorial (21)
------------------------------------------

25-05-2022 13:49:03
No se halla el objeto de tag Battle desde el script tiles_Tutorial (20)
------------------------------------------

25-05-2022 13:49:03
No se halla el objeto de tag Battle desde el script tiles_Tutorial (19)
------------------------------------------

25-05-2022 13:49:03
No se halla el objeto de tag Battle desde el script tiles_Tutorial (18)
------------------------------------------

25-05-2022 13:49:03
No se halla el objeto de tag Battle desde el script tiles_Tutorial (17)
------------------------------------------

25-05-2022 13:49:03
No se halla el objeto de tag Battle desde el script tiles_Tutorial (16)
------------------------------------------

25-05-2022 13:49:03
No se halla el objeto de tag Battle desde el script tiles_Tutorial (15)
------------------------------------------

25-05-2022 13:49:03
No se halla el objeto de tag Battle desde el script tiles_Tutorial (14)
------------------------------------------

25-05-2022 13:49:03
No se halla el objeto de tag Battle desde el script tiles_Tutorial (13)
------------------------------------------

25-05-2022 13:49:03
No se halla el objeto de tag Battle desde el script tiles_Tutorial (12)
------------------------------------------

25-05-2022 13:49:03
No se halla el objeto de tag Battle desde el script tiles_Tutorial (11)
------------------------------------------

25-05-2022 13:49:03
No se halla el objeto de tag Battle desde el script tiles_Tutorial (10)
------------------------------------------

25-05-2022 13:49:03
No se halla el objeto de tag Battle desde el script tiles_Tutorial (9)
------------------------------------------

25-05-2022 13:49:03
No se halla el objeto de tag Battle desde el script tiles_Tutorial (8)
------------------------------------------

25-05-2022 13:49:03
No se halla el objeto de tag Battle desde el script tiles_Tutorial (7)
------------------------------------------

25-05-2022 13:49:03
No se halla el objeto de tag Battle desde el script tiles_Tutorial (6)
------------------------------------------

25-05-2022 13:49:03
No se halla el objeto de tag Battle desde el script tiles_Tutorial (5)
------------------------------------------

25-05-2022 13:49:03
No se halla el objeto de tag Battle desde el script tiles_Tutorial (4)
------------------------------------------

25-05-2022 13:49:03
No se halla el objeto de tag Battle desde el script tiles_Tutorial (3)
------------------------------------------

25-05-2022 13:49:03
No se halla el objeto de tag Battle desde el script tiles_Tutorial (2)
------------------------------------------

25-05-2022 13:49:03
No se halla el objeto de tag Battle desde el script tiles_Tutorial (1)
------------------------------------------

25-05-2022 13:49:03
No se halla el objeto de tag Battle desde el script tiles_Tutorial
------------------------------------------

25-05-2022 13:50:07
No se halla el objeto de tag Battle desde el script tiles_Tutorial (26)
------------------------------------------

25-05-2022 13:50:07
No se halla el objeto de tag Battle desde el script tiles_Tutorial (25)
------------------------------------------

25-05-2022 13:50:07
No se halla el objeto de tag Battle desde el script tiles_Tutorial (24)
------------------------------------------

25-05-2022 13:50:07
No se halla el objeto de tag Battle desde el script tiles_Tutorial (23)
------------------------------------------

25-05-2022 13:50:07
No se halla el objeto de tag Battle desde el script tiles_Tutorial (22)
------------------------------------------

25-05-2022 13:50:07
No se halla el objeto de tag Battle desde el script tiles_Tutorial (21)
------------------------------------------

25-05-2022 13:50:07
No se halla el objeto de tag Battle desde el script tiles_Tutorial (20)
------------------------------------------

25-05-2022 13:50:07
No se halla el objeto de tag Battle desde el script tiles_Tutorial (19)
------------------------------------------

25-05-2022 13:50:07
No se halla el objeto de tag Battle desde el script tiles_Tutorial (18)
------------------------------------------

25-05-2022 13:50:07
No se halla el objeto de tag Battle desde el script tiles_Tutorial (17)
------------------------------------------

25-05-2022 13:50:07
No se halla el objeto de tag Battle desde el script tiles_Tutorial (16)
------------------------------------------

25-05-2022 13:50:07
No se halla el objeto de tag Battle desde el script tiles_Tutorial (15)
------------------------------------------

25-05-2022 13:50:07
No se halla el objeto de tag Battle desde el script tiles_Tutorial (14)
------------------------------------------

25-05-2022 13:50:07
No se halla el objeto de tag Battle desde el script tiles_Tutorial (13)
------------------------------------------

25-05-2022 13:50:07
No se halla el objeto de tag Battle desde el script tiles_Tutorial (12)
------------------------------------------

25-05-2022 13:50:07
No se halla el objeto de tag Battle desde el script tiles_Tutorial (11)
------------------------------------------

25-05-2022 13:50:07
No se halla el objeto de tag Battle desde el script tiles_Tutorial (10)
------------------------------------------

25-05-2022 13:50:07
No se halla el objeto de tag Battle desde el script tiles_Tutorial (9)
------------------------------------------

25-05-2022 13:50:07
No se halla el objeto de tag Battle desde el script tiles_Tutorial (8)
------------------------------------------

25-05-2022 13:50:07
No se halla el objeto de tag Battle desde el script tiles_Tutorial (7)
------------------------------------------

25-05-2022 13:50:07
No se halla el objeto de tag Battle desde el script tiles_Tutorial (6)
------------------------------------------

25-05-2022 13:50:07
No se halla el objeto de tag Battle desde el script tiles_Tutorial (5)
------------------------------------------

25-05-2022 13:50:07
No se halla el objeto de tag Battle desde el script tiles_Tutorial (4)
------------------------------------------

25-05-2022 13:50:07
No se halla el objeto de tag Battle desde el script tiles_Tutorial (3)
------------------------------------------

25-05-2022 13:50:07
No se halla el objeto de tag Battle desde el script tiles_Tutorial (2)
------------------------------------------

25-05-2022 13:50:07
No se halla el objeto de tag Battle desde el script tiles_Tutorial (1)
------------------------------------------

25-05-2022 13:50:07
No se halla el objeto de tag Battle desde el script tiles_Tutorial
------------------------------------------

25-05-2022 13:52:30
No se halla el objeto de tag Battle desde el script tiles_Tutorial (26)
------------------------------------------

25-05-2022 13:52:30
No se halla el objeto de tag Battle desde el script tiles_Tutorial (25)
------------------------------------------

25-05-2022 13:52:30
No se halla el objeto de tag Battle desde el script tiles_Tutorial (24)
------------------------------------------

25-05-2022 13:52:30
No se halla el objeto de tag Battle desde el script tiles_Tutorial (23)
------------------------------------------

25-05-2022 13:52:30
No se halla el objeto de tag Battle desde el script tiles_Tutorial (22)
------------------------------------------

25-05-2022 13:52:30
No se halla el objeto de tag Battle desde el script tiles_Tutorial (21)
------------------------------------------

25-05-2022 13:52:30
No se halla el objeto de tag Battle desde el script tiles_Tutorial (20)
------------------------------------------

25-05-2022 13:52:30
No se halla el objeto de tag Battle desde el script tiles_Tutorial (19)
------------------------------------------

25-05-2022 13:52:30
No se halla el objeto de tag Battle desde el script tiles_Tutorial (18)
------------------------------------------

25-05-2022 13:52:30
No se halla el objeto de tag Battle desde el script tiles_Tutorial (17)
------------------------------------------

25-05-2022 13:52:30
No se halla el objeto de tag Battle desde el script tiles_Tutorial (16)
------------------------------------------

25-05-2022 13:52:30
No se halla el objeto de tag Battle desde el script tiles_Tutorial (15)
------------------------------------------

25-05-2022 13:52:30
No se halla el objeto de tag Battle desde el script tiles_Tutorial (14)
------------------------------------------

25-05-2022 13:52:30
No se halla el objeto de tag Battle desde el script tiles_Tutorial (13)
------------------------------------------

25-05-2022 13:52:30
No se halla el objeto de tag Battle desde el script tiles_Tutorial (12)
------------------------------------------

25-05-2022 13:52:30
No se halla el objeto de tag Battle desde el script tiles_Tutorial (11)
------------------------------------------

25-05-2022 13:52:30
No se halla el objeto de tag Battle desde el script tiles_Tutorial (10)
------------------------------------------

25-05-2022 13:52:30
No se halla el objeto de tag Battle desde el script tiles_Tutorial (9)
------------------------------------------

25-05-2022 13:52:30
No se halla el objeto de tag Battle desde el script tiles_Tutorial (8)
------------------------------------------

25-05-2022 13:52:30
No se halla el objeto de tag Battle desde el script tiles_Tutorial (7)
------------------------------------------

25-05-2022 13:52:30
No se halla el objeto de tag Battle desde el script tiles_Tutorial (6)
------------------------------------------

25-05-2022 13:52:30
No se halla el objeto de tag Battle desde el script tiles_Tutorial (5)
------------------------------------------

25-05-2022 13:52:30
No se halla el objeto de tag Battle desde el script tiles_Tutorial (4)
------------------------------------------

25-05-2022 13:52:30
No se halla el objeto de tag Battle desde el script tiles_Tutorial (3)
------------------------------------------

25-05-2022 13:52:30
No se halla el objeto de tag Battle desde el script tiles_Tutorial (2)
------------------------------------------

25-05-2022 13:52:30
No se halla el objeto de tag Battle desde el script tiles_Tutorial (1)
------------------------------------------

25-05-2022 13:52:30
No se halla el objeto de tag Battle desde el script tiles_Tutorial
------------------------------------------

25-05-2022 13:55:26
No se halla el objeto de tag Battle desde el script tiles_Tutorial (26)
------------------------------------------

25-05-2022 13:55:26
No se halla el objeto de tag Battle desde el script tiles_Tutorial (25)
------------------------------------------

25-05-2022 13:55:26
No se halla el objeto de tag Battle desde el script tiles_Tutorial (24)
------------------------------------------

25-05-2022 13:55:26
No se halla el objeto de tag Battle desde el script tiles_Tutorial (23)
------------------------------------------

25-05-2022 13:55:26
No se halla el objeto de tag Battle desde el script tiles_Tutorial (22)
------------------------------------------

25-05-2022 13:55:26
No se halla el objeto de tag Battle desde el script tiles_Tutorial (21)
------------------------------------------

25-05-2022 13:55:26
No se halla el objeto de tag Battle desde el script tiles_Tutorial (20)
------------------------------------------

25-05-2022 13:55:26
No se halla el objeto de tag Battle desde el script tiles_Tutorial (19)
------------------------------------------

25-05-2022 13:55:26
No se halla el objeto de tag Battle desde el script tiles_Tutorial (18)
------------------------------------------

25-05-2022 13:55:26
No se halla el objeto de tag Battle desde el script tiles_Tutorial (17)
------------------------------------------

25-05-2022 13:55:26
No se halla el objeto de tag Battle desde el script tiles_Tutorial (16)
------------------------------------------

25-05-2022 13:55:26
No se halla el objeto de tag Battle desde el script tiles_Tutorial (15)
------------------------------------------

25-05-2022 13:55:26
No se halla el objeto de tag Battle desde el script tiles_Tutorial (14)
------------------------------------------

25-05-2022 13:55:26
No se halla el objeto de tag Battle desde el script tiles_Tutorial (13)
------------------------------------------

25-05-2022 13:55:26
No se halla el objeto de tag Battle desde el script tiles_Tutorial (12)
------------------------------------------

25-05-2022 13:55:26
No se halla el objeto de tag Battle desde el script tiles_Tutorial (11)
------------------------------------------

25-05-2022 13:55:26
No se halla el objeto de tag Battle desde el script tiles_Tutorial (10)
------------------------------------------

25-05-2022 13:55:26
No se halla el objeto de tag Battle desde el script tiles_Tutorial (9)
------------------------------------------

25-05-2022 13:55:26
No se halla el objeto de tag Battle desde el script tiles_Tutorial (8)
------------------------------------------

25-05-2022 13:55:26
No se halla el objeto de tag Battle desde el script tiles_Tutorial (7)
------------------------------------------

25-05-2022 13:55:26
No se halla el objeto de tag Battle desde el script tiles_Tutorial (6)
------------------------------------------

25-05-2022 13:55:26
No se halla el objeto de tag Battle desde el script tiles_Tutorial (5)
------------------------------------------

25-05-2022 13:55:26
No se halla el objeto de tag Battle desde el script tiles_Tutorial (4)
------------------------------------------

25-05-2022 13:55:26
No se halla el objeto de tag Battle desde el script tiles_Tutorial (3)
------------------------------------------

25-05-2022 13:55:26
No se halla el objeto de tag Battle desde el script tiles_Tutorial (2)
------------------------------------------

25-05-2022 13:55:26
No se halla el objeto de tag Battle desde el script tiles_Tutorial (1)
------------------------------------------

25-05-2022 13:55:26
No se halla el objeto de tag Battle desde el script tiles_Tutorial
------------------------------------------

25-05-2022 14:47:51
No se halla el objeto de tag Inventory desde el script no especifica
------------------------------------------

25-05-2022 14:47:51
No se halla el objeto de tag Inventory desde el script no especifica
------------------------------------------

25-05-2022 14:49:58
No se halla el objeto de tag Inventory desde el script no especifica
------------------------------------------

25-05-2022 14:49:58
No se halla el objeto de tag Inventory desde el script no especifica
------------------------------------------

