24-06-2022 17:34:13
No se halla el objeto de tag Battle desde el script tiles_Tutorial (20)
------------------------------------------

24-06-2022 17:34:13
No se halla el objeto de tag Battle desde el script Village_3
------------------------------------------

24-06-2022 17:34:13
No se halla el objeto de tag Battle desde el script tiles_Tutorial (1)
------------------------------------------

24-06-2022 17:34:13
No se halla el objeto de tag Battle desde el script Village_6
------------------------------------------

24-06-2022 17:34:13
No se halla el objeto de tag Battle desde el script tiles_Tutorial (12)
------------------------------------------

24-06-2022 17:34:13
No se halla el objeto de tag Battle desde el script tiles_Tutorial (26)
------------------------------------------

24-06-2022 17:34:13
No se halla el objeto de tag Battle desde el script tiles_Tutorial (25)
------------------------------------------

24-06-2022 17:34:13
No se halla el objeto de tag Battle desde el script tiles_Tutorial (14)
------------------------------------------

24-06-2022 17:34:13
No se halla el objeto de tag Battle desde el script Village_7
------------------------------------------

24-06-2022 17:34:13
No se halla el objeto de tag Battle desde el script Village_2
------------------------------------------

24-06-2022 17:34:13
No se halla el objeto de tag Battle desde el script tiles_Tutorial (13)
------------------------------------------

24-06-2022 17:34:13
No se halla el objeto de tag Battle desde el script tiles_Tutorial (17)
------------------------------------------

24-06-2022 17:34:13
No se halla el objeto de tag Battle desde el script tiles_Tutorial (6)
------------------------------------------

24-06-2022 17:34:13
No se halla el objeto de tag Battle desde el script tiles_Tutorial (21)
------------------------------------------

24-06-2022 17:34:13
No se halla el objeto de tag Battle desde el script tiles_Tutorial (9)
------------------------------------------

24-06-2022 17:34:13
No se halla el objeto de tag Battle desde el script Village_8
------------------------------------------

24-06-2022 17:34:13
No se halla el objeto de tag Battle desde el script tiles_Tutorial (4)
------------------------------------------

24-06-2022 17:34:13
No se halla el objeto de tag Battle desde el script Village_5
------------------------------------------

24-06-2022 17:34:13
No se halla el objeto de tag Battle desde el script tiles_Tutorial (19)
------------------------------------------

24-06-2022 17:34:13
No se halla el objeto de tag Battle desde el script tiles_Tutorial (15)
------------------------------------------

24-06-2022 17:34:13
No se halla el objeto de tag Battle desde el script tiles_Tutorial (18)
------------------------------------------

24-06-2022 17:34:13
No se halla el objeto de tag Battle desde el script tiles_Tutorial
------------------------------------------

24-06-2022 17:34:13
No se halla el objeto de tag Battle desde el script tiles_Tutorial (3)
------------------------------------------

24-06-2022 17:34:13
No se halla el objeto de tag Battle desde el script tiles_Tutorial (2)
------------------------------------------

24-06-2022 17:34:13
No se halla el objeto de tag Battle desde el script tiles_Tutorial (8)
------------------------------------------

24-06-2022 17:34:13
No se halla el objeto de tag Battle desde el script tiles_Tutorial (23)
------------------------------------------

24-06-2022 17:34:13
No se halla el objeto de tag Battle desde el script tiles_Tutorial (10)
------------------------------------------

24-06-2022 17:34:13
No se halla el objeto de tag Battle desde el script tiles_Tutorial (11)
------------------------------------------

24-06-2022 17:34:13
No se halla el objeto de tag Battle desde el script Village_1
------------------------------------------

24-06-2022 17:34:13
No se halla el objeto de tag Battle desde el script tiles_Tutorial (24)
------------------------------------------

24-06-2022 17:34:13
No se halla el objeto de tag Battle desde el script tiles_Tutorial (16)
------------------------------------------

24-06-2022 17:34:13
No se halla el objeto de tag Battle desde el script tiles_Tutorial (7)
------------------------------------------

24-06-2022 17:34:13
No se halla el objeto de tag Battle desde el script tiles_Tutorial (22)
------------------------------------------

24-06-2022 17:34:13
No se halla el objeto de tag Battle desde el script Village_0
------------------------------------------

24-06-2022 17:34:13
No se halla el objeto de tag Battle desde el script Village_4
------------------------------------------

24-06-2022 17:34:13
No se halla el objeto de tag Battle desde el script tiles_Tutorial (5)
------------------------------------------

24-06-2022 17:35:06
No se halla el objeto de tag Battle desde el script tiles_Tutorial (20)
------------------------------------------

24-06-2022 17:35:06
No se halla el objeto de tag Battle desde el script Village_3
------------------------------------------

24-06-2022 17:35:06
No se halla el objeto de tag Battle desde el script tiles_Tutorial (1)
------------------------------------------

24-06-2022 17:35:06
No se halla el objeto de tag Battle desde el script Village_6
------------------------------------------

24-06-2022 17:35:06
No se halla el objeto de tag Battle desde el script tiles_Tutorial (12)
------------------------------------------

24-06-2022 17:35:06
No se halla el objeto de tag Battle desde el script tiles_Tutorial (26)
------------------------------------------

24-06-2022 17:35:06
No se halla el objeto de tag Battle desde el script tiles_Tutorial (25)
------------------------------------------

24-06-2022 17:35:06
No se halla el objeto de tag Battle desde el script tiles_Tutorial (14)
------------------------------------------

24-06-2022 17:35:06
No se halla el objeto de tag Battle desde el script Village_7
------------------------------------------

24-06-2022 17:35:06
No se halla el objeto de tag Battle desde el script Village_2
------------------------------------------

24-06-2022 17:35:06
No se halla el objeto de tag Battle desde el script tiles_Tutorial (13)
------------------------------------------

24-06-2022 17:35:06
No se halla el objeto de tag Battle desde el script tiles_Tutorial (17)
------------------------------------------

24-06-2022 17:35:06
No se halla el objeto de tag Battle desde el script tiles_Tutorial (6)
------------------------------------------

24-06-2022 17:35:06
No se halla el objeto de tag Battle desde el script tiles_Tutorial (21)
------------------------------------------

24-06-2022 17:35:06
No se halla el objeto de tag Battle desde el script tiles_Tutorial (9)
------------------------------------------

24-06-2022 17:35:06
No se halla el objeto de tag Battle desde el script Village_8
------------------------------------------

24-06-2022 17:35:06
No se halla el objeto de tag Battle desde el script tiles_Tutorial (4)
------------------------------------------

24-06-2022 17:35:06
No se halla el objeto de tag Battle desde el script Village_5
------------------------------------------

24-06-2022 17:35:06
No se halla el objeto de tag Battle desde el script tiles_Tutorial (19)
------------------------------------------

24-06-2022 17:35:06
No se halla el objeto de tag Battle desde el script tiles_Tutorial (15)
------------------------------------------

24-06-2022 17:35:06
No se halla el objeto de tag Battle desde el script tiles_Tutorial (18)
------------------------------------------

24-06-2022 17:35:06
No se halla el objeto de tag Battle desde el script tiles_Tutorial
------------------------------------------

24-06-2022 17:35:06
No se halla el objeto de tag Battle desde el script tiles_Tutorial (3)
------------------------------------------

24-06-2022 17:35:06
No se halla el objeto de tag Battle desde el script tiles_Tutorial (2)
------------------------------------------

24-06-2022 17:35:06
No se halla el objeto de tag Battle desde el script tiles_Tutorial (8)
------------------------------------------

24-06-2022 17:35:06
No se halla el objeto de tag Battle desde el script tiles_Tutorial (23)
------------------------------------------

24-06-2022 17:35:06
No se halla el objeto de tag Battle desde el script tiles_Tutorial (10)
------------------------------------------

24-06-2022 17:35:06
No se halla el objeto de tag Battle desde el script tiles_Tutorial (11)
------------------------------------------

24-06-2022 17:35:06
No se halla el objeto de tag Battle desde el script Village_1
------------------------------------------

24-06-2022 17:35:06
No se halla el objeto de tag Battle desde el script tiles_Tutorial (24)
------------------------------------------

24-06-2022 17:35:06
No se halla el objeto de tag Battle desde el script tiles_Tutorial (16)
------------------------------------------

24-06-2022 17:35:06
No se halla el objeto de tag Battle desde el script tiles_Tutorial (7)
------------------------------------------

24-06-2022 17:35:06
No se halla el objeto de tag Battle desde el script tiles_Tutorial (22)
------------------------------------------

24-06-2022 17:35:06
No se halla el objeto de tag Battle desde el script Village_0
------------------------------------------

24-06-2022 17:35:06
No se halla el objeto de tag Battle desde el script Village_4
------------------------------------------

24-06-2022 17:35:06
No se halla el objeto de tag Battle desde el script tiles_Tutorial (5)
------------------------------------------

24-06-2022 17:38:34
No se halla el objeto de tag Battle desde el script tiles_Tutorial (20)
------------------------------------------

24-06-2022 17:38:34
No se halla el objeto de tag Battle desde el script Village_3
------------------------------------------

24-06-2022 17:38:34
No se halla el objeto de tag Battle desde el script tiles_Tutorial (1)
------------------------------------------

24-06-2022 17:38:34
No se halla el objeto de tag Battle desde el script Village_6
------------------------------------------

24-06-2022 17:38:34
No se halla el objeto de tag Battle desde el script tiles_Tutorial (12)
------------------------------------------

24-06-2022 17:38:34
No se halla el objeto de tag Battle desde el script tiles_Tutorial (26)
------------------------------------------

24-06-2022 17:38:34
No se halla el objeto de tag Battle desde el script tiles_Tutorial (25)
------------------------------------------

24-06-2022 17:38:34
No se halla el objeto de tag Battle desde el script tiles_Tutorial (14)
------------------------------------------

24-06-2022 17:38:34
No se halla el objeto de tag Battle desde el script Village_7
------------------------------------------

24-06-2022 17:38:34
No se halla el objeto de tag Battle desde el script Village_2
------------------------------------------

24-06-2022 17:38:34
No se halla el objeto de tag Battle desde el script tiles_Tutorial (13)
------------------------------------------

24-06-2022 17:38:34
No se halla el objeto de tag Battle desde el script tiles_Tutorial (17)
------------------------------------------

24-06-2022 17:38:34
No se halla el objeto de tag Battle desde el script tiles_Tutorial (6)
------------------------------------------

24-06-2022 17:38:34
No se halla el objeto de tag Battle desde el script tiles_Tutorial (21)
------------------------------------------

24-06-2022 17:38:34
No se halla el objeto de tag Battle desde el script tiles_Tutorial (9)
------------------------------------------

24-06-2022 17:38:34
No se halla el objeto de tag Battle desde el script Village_8
------------------------------------------

24-06-2022 17:38:34
No se halla el objeto de tag Battle desde el script tiles_Tutorial (4)
------------------------------------------

24-06-2022 17:38:34
No se halla el objeto de tag Battle desde el script Village_5
------------------------------------------

24-06-2022 17:38:34
No se halla el objeto de tag Battle desde el script tiles_Tutorial (19)
------------------------------------------

24-06-2022 17:38:34
No se halla el objeto de tag Battle desde el script tiles_Tutorial (15)
------------------------------------------

24-06-2022 17:38:34
No se halla el objeto de tag Battle desde el script tiles_Tutorial (18)
------------------------------------------

24-06-2022 17:38:34
No se halla el objeto de tag Battle desde el script tiles_Tutorial
------------------------------------------

24-06-2022 17:38:34
No se halla el objeto de tag Battle desde el script tiles_Tutorial (3)
------------------------------------------

24-06-2022 17:38:34
No se halla el objeto de tag Battle desde el script tiles_Tutorial (2)
------------------------------------------

24-06-2022 17:38:34
No se halla el objeto de tag Battle desde el script tiles_Tutorial (8)
------------------------------------------

24-06-2022 17:38:34
No se halla el objeto de tag Battle desde el script tiles_Tutorial (23)
------------------------------------------

24-06-2022 17:38:34
No se halla el objeto de tag Battle desde el script tiles_Tutorial (10)
------------------------------------------

24-06-2022 17:38:34
No se halla el objeto de tag Battle desde el script tiles_Tutorial (11)
------------------------------------------

24-06-2022 17:38:34
No se halla el objeto de tag Battle desde el script Village_1
------------------------------------------

24-06-2022 17:38:34
No se halla el objeto de tag Battle desde el script tiles_Tutorial (24)
------------------------------------------

24-06-2022 17:38:34
No se halla el objeto de tag Battle desde el script tiles_Tutorial (16)
------------------------------------------

24-06-2022 17:38:34
No se halla el objeto de tag Battle desde el script tiles_Tutorial (7)
------------------------------------------

24-06-2022 17:38:34
No se halla el objeto de tag Battle desde el script tiles_Tutorial (22)
------------------------------------------

24-06-2022 17:38:34
No se halla el objeto de tag Battle desde el script Village_0
------------------------------------------

24-06-2022 17:38:34
No se halla el objeto de tag Battle desde el script Village_4
------------------------------------------

24-06-2022 17:38:34
No se halla el objeto de tag Battle desde el script tiles_Tutorial (5)
------------------------------------------

