13-06-2022 12:43:59
No se halla el objeto de tag Battle desde el script tiles_Tutorial (20)
------------------------------------------

13-06-2022 12:43:59
No se halla el objeto de tag Battle desde el script tiles_Tutorial (1)
------------------------------------------

13-06-2022 12:43:59
No se halla el objeto de tag Battle desde el script tiles_Tutorial (12)
------------------------------------------

13-06-2022 12:43:59
No se halla el objeto de tag Battle desde el script tiles_Tutorial (26)
------------------------------------------

13-06-2022 12:43:59
No se halla el objeto de tag Battle desde el script tiles_Tutorial (25)
------------------------------------------

13-06-2022 12:43:59
No se halla el objeto de tag Battle desde el script tiles_Tutorial (14)
------------------------------------------

13-06-2022 12:43:59
No se halla el objeto de tag Battle desde el script tiles_Tutorial (13)
------------------------------------------

13-06-2022 12:43:59
No se halla el objeto de tag Battle desde el script tiles_Tutorial (17)
------------------------------------------

13-06-2022 12:43:59
No se halla el objeto de tag Battle desde el script tiles_Tutorial (6)
------------------------------------------

13-06-2022 12:43:59
No se halla el objeto de tag Battle desde el script tiles_Tutorial (21)
------------------------------------------

13-06-2022 12:43:59
No se halla el objeto de tag Battle desde el script tiles_Tutorial (9)
------------------------------------------

13-06-2022 12:43:59
No se halla el objeto de tag Battle desde el script tiles_Tutorial (4)
------------------------------------------

13-06-2022 12:43:59
No se halla el objeto de tag Battle desde el script tiles_Tutorial (19)
------------------------------------------

13-06-2022 12:43:59
No se halla el objeto de tag Battle desde el script tiles_Tutorial (15)
------------------------------------------

13-06-2022 12:43:59
No se halla el objeto de tag Battle desde el script tiles_Tutorial (18)
------------------------------------------

13-06-2022 12:43:59
No se halla el objeto de tag Battle desde el script tiles_Tutorial
------------------------------------------

13-06-2022 12:43:59
No se halla el objeto de tag Battle desde el script tiles_Tutorial (3)
------------------------------------------

13-06-2022 12:43:59
No se halla el objeto de tag Battle desde el script tiles_Tutorial (2)
------------------------------------------

13-06-2022 12:43:59
No se halla el objeto de tag Battle desde el script tiles_Tutorial (8)
------------------------------------------

13-06-2022 12:43:59
No se halla el objeto de tag Battle desde el script tiles_Tutorial (23)
------------------------------------------

13-06-2022 12:43:59
No se halla el objeto de tag Battle desde el script tiles_Tutorial (10)
------------------------------------------

13-06-2022 12:43:59
No se halla el objeto de tag Battle desde el script tiles_Tutorial (11)
------------------------------------------

13-06-2022 12:43:59
No se halla el objeto de tag Battle desde el script tiles_Tutorial (24)
------------------------------------------

13-06-2022 12:43:59
No se halla el objeto de tag Battle desde el script tiles_Tutorial (16)
------------------------------------------

13-06-2022 12:43:59
No se halla el objeto de tag Battle desde el script tiles_Tutorial (7)
------------------------------------------

13-06-2022 12:43:59
No se halla el objeto de tag Battle desde el script tiles_Tutorial (22)
------------------------------------------

13-06-2022 12:43:59
No se halla el objeto de tag Battle desde el script tiles_Tutorial (5)
------------------------------------------

13-06-2022 12:44:30
No se halla el objeto de tag Battle desde el script tiles_Tutorial (20)
------------------------------------------

13-06-2022 12:44:30
No se halla el objeto de tag Battle desde el script tiles_Tutorial (1)
------------------------------------------

13-06-2022 12:44:30
No se halla el objeto de tag Battle desde el script tiles_Tutorial (12)
------------------------------------------

13-06-2022 12:44:30
No se halla el objeto de tag Battle desde el script tiles_Tutorial (26)
------------------------------------------

13-06-2022 12:44:30
No se halla el objeto de tag Battle desde el script tiles_Tutorial (25)
------------------------------------------

13-06-2022 12:44:30
No se halla el objeto de tag Battle desde el script tiles_Tutorial (14)
------------------------------------------

13-06-2022 12:44:30
No se halla el objeto de tag Battle desde el script tiles_Tutorial (13)
------------------------------------------

13-06-2022 12:44:30
No se halla el objeto de tag Battle desde el script tiles_Tutorial (17)
------------------------------------------

13-06-2022 12:44:30
No se halla el objeto de tag Battle desde el script tiles_Tutorial (6)
------------------------------------------

13-06-2022 12:44:30
No se halla el objeto de tag Battle desde el script tiles_Tutorial (21)
------------------------------------------

13-06-2022 12:44:30
No se halla el objeto de tag Battle desde el script tiles_Tutorial (9)
------------------------------------------

13-06-2022 12:44:30
No se halla el objeto de tag Battle desde el script tiles_Tutorial (4)
------------------------------------------

13-06-2022 12:44:30
No se halla el objeto de tag Battle desde el script tiles_Tutorial (19)
------------------------------------------

13-06-2022 12:44:30
No se halla el objeto de tag Battle desde el script tiles_Tutorial (15)
------------------------------------------

13-06-2022 12:44:30
No se halla el objeto de tag Battle desde el script tiles_Tutorial (18)
------------------------------------------

13-06-2022 12:44:30
No se halla el objeto de tag Battle desde el script tiles_Tutorial
------------------------------------------

13-06-2022 12:44:30
No se halla el objeto de tag Battle desde el script tiles_Tutorial (3)
------------------------------------------

13-06-2022 12:44:30
No se halla el objeto de tag Battle desde el script tiles_Tutorial (2)
------------------------------------------

13-06-2022 12:44:30
No se halla el objeto de tag Battle desde el script tiles_Tutorial (8)
------------------------------------------

13-06-2022 12:44:30
No se halla el objeto de tag Battle desde el script tiles_Tutorial (23)
------------------------------------------

13-06-2022 12:44:30
No se halla el objeto de tag Battle desde el script tiles_Tutorial (10)
------------------------------------------

13-06-2022 12:44:30
No se halla el objeto de tag Battle desde el script tiles_Tutorial (11)
------------------------------------------

13-06-2022 12:44:30
No se halla el objeto de tag Battle desde el script tiles_Tutorial (24)
------------------------------------------

13-06-2022 12:44:30
No se halla el objeto de tag Battle desde el script tiles_Tutorial (16)
------------------------------------------

13-06-2022 12:44:30
No se halla el objeto de tag Battle desde el script tiles_Tutorial (7)
------------------------------------------

13-06-2022 12:44:30
No se halla el objeto de tag Battle desde el script tiles_Tutorial (22)
------------------------------------------

13-06-2022 12:44:30
No se halla el objeto de tag Battle desde el script tiles_Tutorial (5)
------------------------------------------

13-06-2022 19:24:44
No se halla el objeto de tag Battle desde el script Village_8
------------------------------------------

13-06-2022 19:24:44
No se halla el objeto de tag Battle desde el script Village_7
------------------------------------------

13-06-2022 19:24:44
No se halla el objeto de tag Battle desde el script Village_6
------------------------------------------

13-06-2022 19:24:44
No se halla el objeto de tag Battle desde el script Village_5
------------------------------------------

13-06-2022 19:24:44
No se halla el objeto de tag Battle desde el script Village_4
------------------------------------------

13-06-2022 19:24:44
No se halla el objeto de tag Battle desde el script Village_3
------------------------------------------

13-06-2022 19:24:44
No se halla el objeto de tag Battle desde el script Village_2
------------------------------------------

13-06-2022 19:24:44
No se halla el objeto de tag Battle desde el script Village_1
------------------------------------------

13-06-2022 19:24:44
No se halla el objeto de tag Battle desde el script Village_0
------------------------------------------

13-06-2022 19:24:44
No se halla el objeto de tag Battle desde el script tiles_Tutorial (20)
------------------------------------------

13-06-2022 19:24:44
No se halla el objeto de tag Battle desde el script tiles_Tutorial (1)
------------------------------------------

13-06-2022 19:24:44
No se halla el objeto de tag Battle desde el script tiles_Tutorial (12)
------------------------------------------

13-06-2022 19:24:44
No se halla el objeto de tag Battle desde el script tiles_Tutorial (26)
------------------------------------------

13-06-2022 19:24:44
No se halla el objeto de tag Battle desde el script tiles_Tutorial (25)
------------------------------------------

13-06-2022 19:24:44
No se halla el objeto de tag Battle desde el script tiles_Tutorial (14)
------------------------------------------

13-06-2022 19:24:44
No se halla el objeto de tag Battle desde el script tiles_Tutorial (13)
------------------------------------------

13-06-2022 19:24:44
No se halla el objeto de tag Battle desde el script tiles_Tutorial (17)
------------------------------------------

13-06-2022 19:24:44
No se halla el objeto de tag Battle desde el script tiles_Tutorial (6)
------------------------------------------

13-06-2022 19:24:44
No se halla el objeto de tag Battle desde el script tiles_Tutorial (21)
------------------------------------------

13-06-2022 19:24:44
No se halla el objeto de tag Battle desde el script tiles_Tutorial (9)
------------------------------------------

13-06-2022 19:24:44
No se halla el objeto de tag Battle desde el script tiles_Tutorial (4)
------------------------------------------

13-06-2022 19:24:44
No se halla el objeto de tag Battle desde el script tiles_Tutorial (19)
------------------------------------------

13-06-2022 19:24:44
No se halla el objeto de tag Battle desde el script tiles_Tutorial (15)
------------------------------------------

13-06-2022 19:24:44
No se halla el objeto de tag Battle desde el script tiles_Tutorial (18)
------------------------------------------

13-06-2022 19:24:44
No se halla el objeto de tag Battle desde el script tiles_Tutorial
------------------------------------------

13-06-2022 19:24:44
No se halla el objeto de tag Battle desde el script tiles_Tutorial (3)
------------------------------------------

13-06-2022 19:24:44
No se halla el objeto de tag Battle desde el script tiles_Tutorial (2)
------------------------------------------

13-06-2022 19:24:44
No se halla el objeto de tag Battle desde el script tiles_Tutorial (8)
------------------------------------------

13-06-2022 19:24:44
No se halla el objeto de tag Battle desde el script tiles_Tutorial (23)
------------------------------------------

13-06-2022 19:24:44
No se halla el objeto de tag Battle desde el script tiles_Tutorial (10)
------------------------------------------

13-06-2022 19:24:44
No se halla el objeto de tag Battle desde el script tiles_Tutorial (11)
------------------------------------------

13-06-2022 19:24:44
No se halla el objeto de tag Battle desde el script tiles_Tutorial (24)
------------------------------------------

13-06-2022 19:24:44
No se halla el objeto de tag Battle desde el script tiles_Tutorial (16)
------------------------------------------

13-06-2022 19:24:44
No se halla el objeto de tag Battle desde el script tiles_Tutorial (7)
------------------------------------------

13-06-2022 19:24:44
No se halla el objeto de tag Battle desde el script tiles_Tutorial (22)
------------------------------------------

13-06-2022 19:24:44
No se halla el objeto de tag Battle desde el script tiles_Tutorial (5)
------------------------------------------

13-06-2022 19:32:10
No se halla el objeto de tag Battle desde el script Village_8
------------------------------------------

13-06-2022 19:32:10
No se halla el objeto de tag Battle desde el script Village_7
------------------------------------------

13-06-2022 19:32:10
No se halla el objeto de tag Battle desde el script Village_6
------------------------------------------

13-06-2022 19:32:10
No se halla el objeto de tag Battle desde el script Village_5
------------------------------------------

13-06-2022 19:32:10
No se halla el objeto de tag Battle desde el script Village_4
------------------------------------------

13-06-2022 19:32:10
No se halla el objeto de tag Battle desde el script Village_3
------------------------------------------

13-06-2022 19:32:10
No se halla el objeto de tag Battle desde el script Village_2
------------------------------------------

13-06-2022 19:32:10
No se halla el objeto de tag Battle desde el script Village_1
------------------------------------------

13-06-2022 19:32:10
No se halla el objeto de tag Battle desde el script Village_0
------------------------------------------

13-06-2022 19:32:10
No se halla el objeto de tag Battle desde el script tiles_Tutorial (20)
------------------------------------------

13-06-2022 19:32:10
No se halla el objeto de tag Battle desde el script tiles_Tutorial (1)
------------------------------------------

13-06-2022 19:32:10
No se halla el objeto de tag Battle desde el script tiles_Tutorial (12)
------------------------------------------

13-06-2022 19:32:10
No se halla el objeto de tag Battle desde el script tiles_Tutorial (26)
------------------------------------------

13-06-2022 19:32:10
No se halla el objeto de tag Battle desde el script tiles_Tutorial (25)
------------------------------------------

13-06-2022 19:32:10
No se halla el objeto de tag Battle desde el script tiles_Tutorial (14)
------------------------------------------

13-06-2022 19:32:10
No se halla el objeto de tag Battle desde el script tiles_Tutorial (13)
------------------------------------------

13-06-2022 19:32:10
No se halla el objeto de tag Battle desde el script tiles_Tutorial (17)
------------------------------------------

13-06-2022 19:32:10
No se halla el objeto de tag Battle desde el script tiles_Tutorial (6)
------------------------------------------

13-06-2022 19:32:10
No se halla el objeto de tag Battle desde el script tiles_Tutorial (21)
------------------------------------------

13-06-2022 19:32:10
No se halla el objeto de tag Battle desde el script tiles_Tutorial (9)
------------------------------------------

13-06-2022 19:32:10
No se halla el objeto de tag Battle desde el script tiles_Tutorial (4)
------------------------------------------

13-06-2022 19:32:10
No se halla el objeto de tag Battle desde el script tiles_Tutorial (19)
------------------------------------------

13-06-2022 19:32:10
No se halla el objeto de tag Battle desde el script tiles_Tutorial (15)
------------------------------------------

13-06-2022 19:32:10
No se halla el objeto de tag Battle desde el script tiles_Tutorial (18)
------------------------------------------

13-06-2022 19:32:10
No se halla el objeto de tag Battle desde el script tiles_Tutorial
------------------------------------------

13-06-2022 19:32:10
No se halla el objeto de tag Battle desde el script tiles_Tutorial (3)
------------------------------------------

13-06-2022 19:32:10
No se halla el objeto de tag Battle desde el script tiles_Tutorial (2)
------------------------------------------

13-06-2022 19:32:10
No se halla el objeto de tag Battle desde el script tiles_Tutorial (8)
------------------------------------------

13-06-2022 19:32:10
No se halla el objeto de tag Battle desde el script tiles_Tutorial (23)
------------------------------------------

13-06-2022 19:32:11
No se halla el objeto de tag Battle desde el script tiles_Tutorial (10)
------------------------------------------

13-06-2022 19:32:11
No se halla el objeto de tag Battle desde el script tiles_Tutorial (11)
------------------------------------------

13-06-2022 19:32:11
No se halla el objeto de tag Battle desde el script tiles_Tutorial (24)
------------------------------------------

13-06-2022 19:32:11
No se halla el objeto de tag Battle desde el script tiles_Tutorial (16)
------------------------------------------

13-06-2022 19:32:11
No se halla el objeto de tag Battle desde el script tiles_Tutorial (7)
------------------------------------------

13-06-2022 19:32:11
No se halla el objeto de tag Battle desde el script tiles_Tutorial (22)
------------------------------------------

13-06-2022 19:32:11
No se halla el objeto de tag Battle desde el script tiles_Tutorial (5)
------------------------------------------

