23-06-2022 21:35:06
No se halla el objeto de tag Battle desde el script tiles_Tutorial (20)
------------------------------------------

23-06-2022 21:35:06
No se halla el objeto de tag Battle desde el script Village_3
------------------------------------------

23-06-2022 21:35:06
No se halla el objeto de tag Battle desde el script tiles_Tutorial (1)
------------------------------------------

23-06-2022 21:35:06
No se halla el objeto de tag Battle desde el script Village_6
------------------------------------------

23-06-2022 21:35:06
No se halla el objeto de tag Battle desde el script tiles_Tutorial (12)
------------------------------------------

23-06-2022 21:35:06
No se halla el objeto de tag Battle desde el script tiles_Tutorial (26)
------------------------------------------

23-06-2022 21:35:06
No se halla el objeto de tag Battle desde el script tiles_Tutorial (25)
------------------------------------------

23-06-2022 21:35:06
No se halla el objeto de tag Battle desde el script tiles_Tutorial (14)
------------------------------------------

23-06-2022 21:35:06
No se halla el objeto de tag Battle desde el script Village_7
------------------------------------------

23-06-2022 21:35:06
No se halla el objeto de tag Battle desde el script Village_2
------------------------------------------

23-06-2022 21:35:06
No se halla el objeto de tag Battle desde el script tiles_Tutorial (13)
------------------------------------------

23-06-2022 21:35:06
No se halla el objeto de tag Battle desde el script tiles_Tutorial (17)
------------------------------------------

23-06-2022 21:35:06
No se halla el objeto de tag Battle desde el script tiles_Tutorial (6)
------------------------------------------

23-06-2022 21:35:06
No se halla el objeto de tag Battle desde el script tiles_Tutorial (21)
------------------------------------------

23-06-2022 21:35:06
No se halla el objeto de tag Battle desde el script tiles_Tutorial (9)
------------------------------------------

23-06-2022 21:35:06
No se halla el objeto de tag Battle desde el script Village_8
------------------------------------------

23-06-2022 21:35:06
No se halla el objeto de tag Battle desde el script tiles_Tutorial (4)
------------------------------------------

23-06-2022 21:35:06
No se halla el objeto de tag Battle desde el script Village_5
------------------------------------------

23-06-2022 21:35:06
No se halla el objeto de tag Battle desde el script tiles_Tutorial (19)
------------------------------------------

23-06-2022 21:35:06
No se halla el objeto de tag Battle desde el script tiles_Tutorial (15)
------------------------------------------

23-06-2022 21:35:06
No se halla el objeto de tag Battle desde el script tiles_Tutorial (18)
------------------------------------------

23-06-2022 21:35:06
No se halla el objeto de tag Battle desde el script tiles_Tutorial
------------------------------------------

23-06-2022 21:35:06
No se halla el objeto de tag Battle desde el script tiles_Tutorial (3)
------------------------------------------

23-06-2022 21:35:06
No se halla el objeto de tag Battle desde el script tiles_Tutorial (2)
------------------------------------------

23-06-2022 21:35:06
No se halla el objeto de tag Battle desde el script tiles_Tutorial (8)
------------------------------------------

23-06-2022 21:35:06
No se halla el objeto de tag Battle desde el script tiles_Tutorial (23)
------------------------------------------

23-06-2022 21:35:06
No se halla el objeto de tag Battle desde el script tiles_Tutorial (10)
------------------------------------------

23-06-2022 21:35:06
No se halla el objeto de tag Battle desde el script tiles_Tutorial (11)
------------------------------------------

23-06-2022 21:35:06
No se halla el objeto de tag Battle desde el script Village_1
------------------------------------------

23-06-2022 21:35:06
No se halla el objeto de tag Battle desde el script tiles_Tutorial (24)
------------------------------------------

23-06-2022 21:35:06
No se halla el objeto de tag Battle desde el script tiles_Tutorial (16)
------------------------------------------

23-06-2022 21:35:06
No se halla el objeto de tag Battle desde el script tiles_Tutorial (7)
------------------------------------------

23-06-2022 21:35:06
No se halla el objeto de tag Battle desde el script tiles_Tutorial (22)
------------------------------------------

23-06-2022 21:35:06
No se halla el objeto de tag Battle desde el script Village_0
------------------------------------------

23-06-2022 21:35:06
No se halla el objeto de tag Battle desde el script Village_4
------------------------------------------

23-06-2022 21:35:06
No se halla el objeto de tag Battle desde el script tiles_Tutorial (5)
------------------------------------------

23-06-2022 21:52:58
No se halla el objeto de tag Battle desde el script tiles_Tutorial (20)
------------------------------------------

23-06-2022 21:52:58
No se halla el objeto de tag Battle desde el script Village_3
------------------------------------------

23-06-2022 21:52:58
No se halla el objeto de tag Battle desde el script tiles_Tutorial (1)
------------------------------------------

23-06-2022 21:52:58
No se halla el objeto de tag Battle desde el script Village_6
------------------------------------------

23-06-2022 21:52:58
No se halla el objeto de tag Battle desde el script tiles_Tutorial (12)
------------------------------------------

23-06-2022 21:52:58
No se halla el objeto de tag Battle desde el script tiles_Tutorial (26)
------------------------------------------

23-06-2022 21:52:58
No se halla el objeto de tag Battle desde el script tiles_Tutorial (25)
------------------------------------------

23-06-2022 21:52:58
No se halla el objeto de tag Battle desde el script tiles_Tutorial (14)
------------------------------------------

23-06-2022 21:52:58
No se halla el objeto de tag Battle desde el script Village_7
------------------------------------------

23-06-2022 21:52:58
No se halla el objeto de tag Battle desde el script Village_2
------------------------------------------

23-06-2022 21:52:58
No se halla el objeto de tag Battle desde el script tiles_Tutorial (13)
------------------------------------------

23-06-2022 21:52:58
No se halla el objeto de tag Battle desde el script tiles_Tutorial (17)
------------------------------------------

23-06-2022 21:52:58
No se halla el objeto de tag Battle desde el script tiles_Tutorial (6)
------------------------------------------

23-06-2022 21:52:58
No se halla el objeto de tag Battle desde el script tiles_Tutorial (21)
------------------------------------------

23-06-2022 21:52:58
No se halla el objeto de tag Battle desde el script tiles_Tutorial (9)
------------------------------------------

23-06-2022 21:52:58
No se halla el objeto de tag Battle desde el script Village_8
------------------------------------------

23-06-2022 21:52:58
No se halla el objeto de tag Battle desde el script tiles_Tutorial (4)
------------------------------------------

23-06-2022 21:52:58
No se halla el objeto de tag Battle desde el script Village_5
------------------------------------------

23-06-2022 21:52:58
No se halla el objeto de tag Battle desde el script tiles_Tutorial (19)
------------------------------------------

23-06-2022 21:52:58
No se halla el objeto de tag Battle desde el script tiles_Tutorial (15)
------------------------------------------

23-06-2022 21:52:58
No se halla el objeto de tag Battle desde el script tiles_Tutorial (18)
------------------------------------------

23-06-2022 21:52:58
No se halla el objeto de tag Battle desde el script tiles_Tutorial
------------------------------------------

23-06-2022 21:52:58
No se halla el objeto de tag Battle desde el script tiles_Tutorial (3)
------------------------------------------

23-06-2022 21:52:58
No se halla el objeto de tag Battle desde el script tiles_Tutorial (2)
------------------------------------------

23-06-2022 21:52:58
No se halla el objeto de tag Battle desde el script tiles_Tutorial (8)
------------------------------------------

23-06-2022 21:52:58
No se halla el objeto de tag Battle desde el script tiles_Tutorial (23)
------------------------------------------

23-06-2022 21:52:58
No se halla el objeto de tag Battle desde el script tiles_Tutorial (10)
------------------------------------------

23-06-2022 21:52:58
No se halla el objeto de tag Battle desde el script tiles_Tutorial (11)
------------------------------------------

23-06-2022 21:52:58
No se halla el objeto de tag Battle desde el script Village_1
------------------------------------------

23-06-2022 21:52:58
No se halla el objeto de tag Battle desde el script tiles_Tutorial (24)
------------------------------------------

23-06-2022 21:52:58
No se halla el objeto de tag Battle desde el script tiles_Tutorial (16)
------------------------------------------

23-06-2022 21:52:58
No se halla el objeto de tag Battle desde el script tiles_Tutorial (7)
------------------------------------------

23-06-2022 21:52:58
No se halla el objeto de tag Battle desde el script tiles_Tutorial (22)
------------------------------------------

23-06-2022 21:52:58
No se halla el objeto de tag Battle desde el script Village_0
------------------------------------------

23-06-2022 21:52:58
No se halla el objeto de tag Battle desde el script Village_4
------------------------------------------

23-06-2022 21:52:58
No se halla el objeto de tag Battle desde el script tiles_Tutorial (5)
------------------------------------------

23-06-2022 21:53:12
No se halla el objeto de tag Battle desde el script tiles_Tutorial (20)
------------------------------------------

23-06-2022 21:53:12
No se halla el objeto de tag Battle desde el script Village_3
------------------------------------------

23-06-2022 21:53:12
No se halla el objeto de tag Battle desde el script tiles_Tutorial (1)
------------------------------------------

23-06-2022 21:53:12
No se halla el objeto de tag Battle desde el script Village_6
------------------------------------------

23-06-2022 21:53:12
No se halla el objeto de tag Battle desde el script tiles_Tutorial (12)
------------------------------------------

23-06-2022 21:53:12
No se halla el objeto de tag Battle desde el script tiles_Tutorial (26)
------------------------------------------

23-06-2022 21:53:12
No se halla el objeto de tag Battle desde el script tiles_Tutorial (25)
------------------------------------------

23-06-2022 21:53:12
No se halla el objeto de tag Battle desde el script tiles_Tutorial (14)
------------------------------------------

23-06-2022 21:53:12
No se halla el objeto de tag Battle desde el script Village_7
------------------------------------------

23-06-2022 21:53:12
No se halla el objeto de tag Battle desde el script Village_2
------------------------------------------

23-06-2022 21:53:12
No se halla el objeto de tag Battle desde el script tiles_Tutorial (13)
------------------------------------------

23-06-2022 21:53:12
No se halla el objeto de tag Battle desde el script tiles_Tutorial (17)
------------------------------------------

23-06-2022 21:53:12
No se halla el objeto de tag Battle desde el script tiles_Tutorial (6)
------------------------------------------

23-06-2022 21:53:12
No se halla el objeto de tag Battle desde el script tiles_Tutorial (21)
------------------------------------------

23-06-2022 21:53:12
No se halla el objeto de tag Battle desde el script tiles_Tutorial (9)
------------------------------------------

23-06-2022 21:53:12
No se halla el objeto de tag Battle desde el script Village_8
------------------------------------------

23-06-2022 21:53:12
No se halla el objeto de tag Battle desde el script tiles_Tutorial (4)
------------------------------------------

23-06-2022 21:53:12
No se halla el objeto de tag Battle desde el script Village_5
------------------------------------------

23-06-2022 21:53:12
No se halla el objeto de tag Battle desde el script tiles_Tutorial (19)
------------------------------------------

23-06-2022 21:53:12
No se halla el objeto de tag Battle desde el script tiles_Tutorial (15)
------------------------------------------

23-06-2022 21:53:12
No se halla el objeto de tag Battle desde el script tiles_Tutorial (18)
------------------------------------------

23-06-2022 21:53:12
No se halla el objeto de tag Battle desde el script tiles_Tutorial
------------------------------------------

23-06-2022 21:53:12
No se halla el objeto de tag Battle desde el script tiles_Tutorial (3)
------------------------------------------

23-06-2022 21:53:12
No se halla el objeto de tag Battle desde el script tiles_Tutorial (2)
------------------------------------------

23-06-2022 21:53:12
No se halla el objeto de tag Battle desde el script tiles_Tutorial (8)
------------------------------------------

23-06-2022 21:53:12
No se halla el objeto de tag Battle desde el script tiles_Tutorial (23)
------------------------------------------

23-06-2022 21:53:12
No se halla el objeto de tag Battle desde el script tiles_Tutorial (10)
------------------------------------------

23-06-2022 21:53:12
No se halla el objeto de tag Battle desde el script tiles_Tutorial (11)
------------------------------------------

23-06-2022 21:53:12
No se halla el objeto de tag Battle desde el script Village_1
------------------------------------------

23-06-2022 21:53:12
No se halla el objeto de tag Battle desde el script tiles_Tutorial (24)
------------------------------------------

23-06-2022 21:53:12
No se halla el objeto de tag Battle desde el script tiles_Tutorial (16)
------------------------------------------

23-06-2022 21:53:12
No se halla el objeto de tag Battle desde el script tiles_Tutorial (7)
------------------------------------------

23-06-2022 21:53:12
No se halla el objeto de tag Battle desde el script tiles_Tutorial (22)
------------------------------------------

23-06-2022 21:53:12
No se halla el objeto de tag Battle desde el script Village_0
------------------------------------------

23-06-2022 21:53:12
No se halla el objeto de tag Battle desde el script Village_4
------------------------------------------

23-06-2022 21:53:12
No se halla el objeto de tag Battle desde el script tiles_Tutorial (5)
------------------------------------------

23-06-2022 21:55:40
No se halla el objeto de tag Battle desde el script tiles_Tutorial (20)
------------------------------------------

23-06-2022 21:55:40
No se halla el objeto de tag Battle desde el script Village_3
------------------------------------------

23-06-2022 21:55:40
No se halla el objeto de tag Battle desde el script tiles_Tutorial (1)
------------------------------------------

23-06-2022 21:55:40
No se halla el objeto de tag Battle desde el script Village_6
------------------------------------------

23-06-2022 21:55:40
No se halla el objeto de tag Battle desde el script tiles_Tutorial (12)
------------------------------------------

23-06-2022 21:55:40
No se halla el objeto de tag Battle desde el script tiles_Tutorial (26)
------------------------------------------

23-06-2022 21:55:40
No se halla el objeto de tag Battle desde el script tiles_Tutorial (25)
------------------------------------------

23-06-2022 21:55:40
No se halla el objeto de tag Battle desde el script tiles_Tutorial (14)
------------------------------------------

23-06-2022 21:55:40
No se halla el objeto de tag Battle desde el script Village_7
------------------------------------------

23-06-2022 21:55:40
No se halla el objeto de tag Battle desde el script Village_2
------------------------------------------

23-06-2022 21:55:40
No se halla el objeto de tag Battle desde el script tiles_Tutorial (13)
------------------------------------------

23-06-2022 21:55:40
No se halla el objeto de tag Battle desde el script tiles_Tutorial (17)
------------------------------------------

23-06-2022 21:55:40
No se halla el objeto de tag Battle desde el script tiles_Tutorial (6)
------------------------------------------

23-06-2022 21:55:40
No se halla el objeto de tag Battle desde el script tiles_Tutorial (21)
------------------------------------------

23-06-2022 21:55:40
No se halla el objeto de tag Battle desde el script tiles_Tutorial (9)
------------------------------------------

23-06-2022 21:55:40
No se halla el objeto de tag Battle desde el script Village_8
------------------------------------------

23-06-2022 21:55:40
No se halla el objeto de tag Battle desde el script tiles_Tutorial (4)
------------------------------------------

23-06-2022 21:55:40
No se halla el objeto de tag Battle desde el script Village_5
------------------------------------------

23-06-2022 21:55:40
No se halla el objeto de tag Battle desde el script tiles_Tutorial (19)
------------------------------------------

23-06-2022 21:55:40
No se halla el objeto de tag Battle desde el script tiles_Tutorial (15)
------------------------------------------

23-06-2022 21:55:40
No se halla el objeto de tag Battle desde el script tiles_Tutorial (18)
------------------------------------------

23-06-2022 21:55:40
No se halla el objeto de tag Battle desde el script tiles_Tutorial
------------------------------------------

23-06-2022 21:55:40
No se halla el objeto de tag Battle desde el script tiles_Tutorial (3)
------------------------------------------

23-06-2022 21:55:40
No se halla el objeto de tag Battle desde el script tiles_Tutorial (2)
------------------------------------------

23-06-2022 21:55:40
No se halla el objeto de tag Battle desde el script tiles_Tutorial (8)
------------------------------------------

23-06-2022 21:55:40
No se halla el objeto de tag Battle desde el script tiles_Tutorial (23)
------------------------------------------

23-06-2022 21:55:40
No se halla el objeto de tag Battle desde el script tiles_Tutorial (10)
------------------------------------------

23-06-2022 21:55:40
No se halla el objeto de tag Battle desde el script tiles_Tutorial (11)
------------------------------------------

23-06-2022 21:55:40
No se halla el objeto de tag Battle desde el script Village_1
------------------------------------------

23-06-2022 21:55:40
No se halla el objeto de tag Battle desde el script tiles_Tutorial (24)
------------------------------------------

23-06-2022 21:55:40
No se halla el objeto de tag Battle desde el script tiles_Tutorial (16)
------------------------------------------

23-06-2022 21:55:40
No se halla el objeto de tag Battle desde el script tiles_Tutorial (7)
------------------------------------------

23-06-2022 21:55:40
No se halla el objeto de tag Battle desde el script tiles_Tutorial (22)
------------------------------------------

23-06-2022 21:55:40
No se halla el objeto de tag Battle desde el script Village_0
------------------------------------------

23-06-2022 21:55:40
No se halla el objeto de tag Battle desde el script Village_4
------------------------------------------

23-06-2022 21:55:40
No se halla el objeto de tag Battle desde el script tiles_Tutorial (5)
------------------------------------------

23-06-2022 21:56:25
No se halla el objeto de tag Battle desde el script tiles_Tutorial (20)
------------------------------------------

23-06-2022 21:56:25
No se halla el objeto de tag Battle desde el script Village_3
------------------------------------------

23-06-2022 21:56:25
No se halla el objeto de tag Battle desde el script tiles_Tutorial (1)
------------------------------------------

23-06-2022 21:56:25
No se halla el objeto de tag Battle desde el script Village_6
------------------------------------------

23-06-2022 21:56:25
No se halla el objeto de tag Battle desde el script tiles_Tutorial (12)
------------------------------------------

23-06-2022 21:56:25
No se halla el objeto de tag Battle desde el script tiles_Tutorial (26)
------------------------------------------

23-06-2022 21:56:25
No se halla el objeto de tag Battle desde el script tiles_Tutorial (25)
------------------------------------------

23-06-2022 21:56:25
No se halla el objeto de tag Battle desde el script tiles_Tutorial (14)
------------------------------------------

23-06-2022 21:56:25
No se halla el objeto de tag Battle desde el script Village_7
------------------------------------------

23-06-2022 21:56:25
No se halla el objeto de tag Battle desde el script Village_2
------------------------------------------

23-06-2022 21:56:25
No se halla el objeto de tag Battle desde el script tiles_Tutorial (13)
------------------------------------------

23-06-2022 21:56:25
No se halla el objeto de tag Battle desde el script tiles_Tutorial (17)
------------------------------------------

23-06-2022 21:56:25
No se halla el objeto de tag Battle desde el script tiles_Tutorial (6)
------------------------------------------

23-06-2022 21:56:25
No se halla el objeto de tag Battle desde el script tiles_Tutorial (21)
------------------------------------------

23-06-2022 21:56:25
No se halla el objeto de tag Battle desde el script tiles_Tutorial (9)
------------------------------------------

23-06-2022 21:56:25
No se halla el objeto de tag Battle desde el script Village_8
------------------------------------------

23-06-2022 21:56:25
No se halla el objeto de tag Battle desde el script tiles_Tutorial (4)
------------------------------------------

23-06-2022 21:56:25
No se halla el objeto de tag Battle desde el script Village_5
------------------------------------------

23-06-2022 21:56:25
No se halla el objeto de tag Battle desde el script tiles_Tutorial (19)
------------------------------------------

23-06-2022 21:56:25
No se halla el objeto de tag Battle desde el script tiles_Tutorial (15)
------------------------------------------

23-06-2022 21:56:25
No se halla el objeto de tag Battle desde el script tiles_Tutorial (18)
------------------------------------------

23-06-2022 21:56:25
No se halla el objeto de tag Battle desde el script tiles_Tutorial
------------------------------------------

23-06-2022 21:56:25
No se halla el objeto de tag Battle desde el script tiles_Tutorial (3)
------------------------------------------

23-06-2022 21:56:25
No se halla el objeto de tag Battle desde el script tiles_Tutorial (2)
------------------------------------------

23-06-2022 21:56:25
No se halla el objeto de tag Battle desde el script tiles_Tutorial (8)
------------------------------------------

23-06-2022 21:56:25
No se halla el objeto de tag Battle desde el script tiles_Tutorial (23)
------------------------------------------

23-06-2022 21:56:25
No se halla el objeto de tag Battle desde el script tiles_Tutorial (10)
------------------------------------------

23-06-2022 21:56:25
No se halla el objeto de tag Battle desde el script tiles_Tutorial (11)
------------------------------------------

23-06-2022 21:56:25
No se halla el objeto de tag Battle desde el script Village_1
------------------------------------------

23-06-2022 21:56:25
No se halla el objeto de tag Battle desde el script tiles_Tutorial (24)
------------------------------------------

23-06-2022 21:56:25
No se halla el objeto de tag Battle desde el script tiles_Tutorial (16)
------------------------------------------

23-06-2022 21:56:25
No se halla el objeto de tag Battle desde el script tiles_Tutorial (7)
------------------------------------------

23-06-2022 21:56:25
No se halla el objeto de tag Battle desde el script tiles_Tutorial (22)
------------------------------------------

23-06-2022 21:56:25
No se halla el objeto de tag Battle desde el script Village_0
------------------------------------------

23-06-2022 21:56:25
No se halla el objeto de tag Battle desde el script Village_4
------------------------------------------

23-06-2022 21:56:25
No se halla el objeto de tag Battle desde el script tiles_Tutorial (5)
------------------------------------------

23-06-2022 21:58:20
No se halla el objeto de tag Battle desde el script tiles_Tutorial (20)
------------------------------------------

23-06-2022 21:58:20
No se halla el objeto de tag Battle desde el script Village_3
------------------------------------------

23-06-2022 21:58:20
No se halla el objeto de tag Battle desde el script tiles_Tutorial (1)
------------------------------------------

23-06-2022 21:58:20
No se halla el objeto de tag Battle desde el script Village_6
------------------------------------------

23-06-2022 21:58:20
No se halla el objeto de tag Battle desde el script tiles_Tutorial (12)
------------------------------------------

23-06-2022 21:58:20
No se halla el objeto de tag Battle desde el script tiles_Tutorial (26)
------------------------------------------

23-06-2022 21:58:20
No se halla el objeto de tag Battle desde el script tiles_Tutorial (25)
------------------------------------------

23-06-2022 21:58:20
No se halla el objeto de tag Battle desde el script tiles_Tutorial (14)
------------------------------------------

23-06-2022 21:58:20
No se halla el objeto de tag Battle desde el script Village_7
------------------------------------------

23-06-2022 21:58:20
No se halla el objeto de tag Battle desde el script Village_2
------------------------------------------

23-06-2022 21:58:20
No se halla el objeto de tag Battle desde el script tiles_Tutorial (13)
------------------------------------------

23-06-2022 21:58:20
No se halla el objeto de tag Battle desde el script tiles_Tutorial (17)
------------------------------------------

23-06-2022 21:58:20
No se halla el objeto de tag Battle desde el script tiles_Tutorial (6)
------------------------------------------

23-06-2022 21:58:20
No se halla el objeto de tag Battle desde el script tiles_Tutorial (21)
------------------------------------------

23-06-2022 21:58:20
No se halla el objeto de tag Battle desde el script tiles_Tutorial (9)
------------------------------------------

23-06-2022 21:58:20
No se halla el objeto de tag Battle desde el script Village_8
------------------------------------------

23-06-2022 21:58:20
No se halla el objeto de tag Battle desde el script tiles_Tutorial (4)
------------------------------------------

23-06-2022 21:58:20
No se halla el objeto de tag Battle desde el script Village_5
------------------------------------------

23-06-2022 21:58:20
No se halla el objeto de tag Battle desde el script tiles_Tutorial (19)
------------------------------------------

23-06-2022 21:58:20
No se halla el objeto de tag Battle desde el script tiles_Tutorial (15)
------------------------------------------

23-06-2022 21:58:20
No se halla el objeto de tag Battle desde el script tiles_Tutorial (18)
------------------------------------------

23-06-2022 21:58:20
No se halla el objeto de tag Battle desde el script tiles_Tutorial
------------------------------------------

23-06-2022 21:58:20
No se halla el objeto de tag Battle desde el script tiles_Tutorial (3)
------------------------------------------

23-06-2022 21:58:20
No se halla el objeto de tag Battle desde el script tiles_Tutorial (2)
------------------------------------------

23-06-2022 21:58:20
No se halla el objeto de tag Battle desde el script tiles_Tutorial (8)
------------------------------------------

23-06-2022 21:58:20
No se halla el objeto de tag Battle desde el script tiles_Tutorial (23)
------------------------------------------

23-06-2022 21:58:20
No se halla el objeto de tag Battle desde el script tiles_Tutorial (10)
------------------------------------------

23-06-2022 21:58:20
No se halla el objeto de tag Battle desde el script tiles_Tutorial (11)
------------------------------------------

23-06-2022 21:58:20
No se halla el objeto de tag Battle desde el script Village_1
------------------------------------------

23-06-2022 21:58:20
No se halla el objeto de tag Battle desde el script tiles_Tutorial (24)
------------------------------------------

23-06-2022 21:58:20
No se halla el objeto de tag Battle desde el script tiles_Tutorial (16)
------------------------------------------

23-06-2022 21:58:20
No se halla el objeto de tag Battle desde el script tiles_Tutorial (7)
------------------------------------------

23-06-2022 21:58:20
No se halla el objeto de tag Battle desde el script tiles_Tutorial (22)
------------------------------------------

23-06-2022 21:58:20
No se halla el objeto de tag Battle desde el script Village_0
------------------------------------------

23-06-2022 21:58:20
No se halla el objeto de tag Battle desde el script Village_4
------------------------------------------

23-06-2022 21:58:20
No se halla el objeto de tag Battle desde el script tiles_Tutorial (5)
------------------------------------------

23-06-2022 22:00:00
No se halla el objeto de tag Battle desde el script tiles_Tutorial (20)
------------------------------------------

23-06-2022 22:00:00
No se halla el objeto de tag Battle desde el script Village_3
------------------------------------------

23-06-2022 22:00:00
No se halla el objeto de tag Battle desde el script tiles_Tutorial (1)
------------------------------------------

23-06-2022 22:00:00
No se halla el objeto de tag Battle desde el script Village_6
------------------------------------------

23-06-2022 22:00:00
No se halla el objeto de tag Battle desde el script tiles_Tutorial (12)
------------------------------------------

23-06-2022 22:00:00
No se halla el objeto de tag Battle desde el script tiles_Tutorial (26)
------------------------------------------

23-06-2022 22:00:00
No se halla el objeto de tag Battle desde el script tiles_Tutorial (25)
------------------------------------------

23-06-2022 22:00:00
No se halla el objeto de tag Battle desde el script tiles_Tutorial (14)
------------------------------------------

23-06-2022 22:00:00
No se halla el objeto de tag Battle desde el script Village_7
------------------------------------------

23-06-2022 22:00:00
No se halla el objeto de tag Battle desde el script Village_2
------------------------------------------

23-06-2022 22:00:00
No se halla el objeto de tag Battle desde el script tiles_Tutorial (13)
------------------------------------------

23-06-2022 22:00:00
No se halla el objeto de tag Battle desde el script tiles_Tutorial (17)
------------------------------------------

23-06-2022 22:00:00
No se halla el objeto de tag Battle desde el script tiles_Tutorial (6)
------------------------------------------

23-06-2022 22:00:00
No se halla el objeto de tag Battle desde el script tiles_Tutorial (21)
------------------------------------------

23-06-2022 22:00:00
No se halla el objeto de tag Battle desde el script tiles_Tutorial (9)
------------------------------------------

23-06-2022 22:00:00
No se halla el objeto de tag Battle desde el script Village_8
------------------------------------------

23-06-2022 22:00:00
No se halla el objeto de tag Battle desde el script tiles_Tutorial (4)
------------------------------------------

23-06-2022 22:00:00
No se halla el objeto de tag Battle desde el script Village_5
------------------------------------------

23-06-2022 22:00:00
No se halla el objeto de tag Battle desde el script tiles_Tutorial (19)
------------------------------------------

23-06-2022 22:00:00
No se halla el objeto de tag Battle desde el script tiles_Tutorial (15)
------------------------------------------

23-06-2022 22:00:00
No se halla el objeto de tag Battle desde el script tiles_Tutorial (18)
------------------------------------------

23-06-2022 22:00:00
No se halla el objeto de tag Battle desde el script tiles_Tutorial
------------------------------------------

23-06-2022 22:00:00
No se halla el objeto de tag Battle desde el script tiles_Tutorial (3)
------------------------------------------

23-06-2022 22:00:00
No se halla el objeto de tag Battle desde el script tiles_Tutorial (2)
------------------------------------------

23-06-2022 22:00:00
No se halla el objeto de tag Battle desde el script tiles_Tutorial (8)
------------------------------------------

23-06-2022 22:00:00
No se halla el objeto de tag Battle desde el script tiles_Tutorial (23)
------------------------------------------

23-06-2022 22:00:00
No se halla el objeto de tag Battle desde el script tiles_Tutorial (10)
------------------------------------------

23-06-2022 22:00:00
No se halla el objeto de tag Battle desde el script tiles_Tutorial (11)
------------------------------------------

23-06-2022 22:00:00
No se halla el objeto de tag Battle desde el script Village_1
------------------------------------------

23-06-2022 22:00:00
No se halla el objeto de tag Battle desde el script tiles_Tutorial (24)
------------------------------------------

23-06-2022 22:00:00
No se halla el objeto de tag Battle desde el script tiles_Tutorial (16)
------------------------------------------

23-06-2022 22:00:00
No se halla el objeto de tag Battle desde el script tiles_Tutorial (7)
------------------------------------------

23-06-2022 22:00:00
No se halla el objeto de tag Battle desde el script tiles_Tutorial (22)
------------------------------------------

23-06-2022 22:00:00
No se halla el objeto de tag Battle desde el script Village_0
------------------------------------------

23-06-2022 22:00:00
No se halla el objeto de tag Battle desde el script Village_4
------------------------------------------

23-06-2022 22:00:00
No se halla el objeto de tag Battle desde el script tiles_Tutorial (5)
------------------------------------------

23-06-2022 22:05:57
No se halla el objeto de tag Battle desde el script tiles_Tutorial (20)
------------------------------------------

23-06-2022 22:05:57
No se halla el objeto de tag Battle desde el script Village_3
------------------------------------------

23-06-2022 22:05:57
No se halla el objeto de tag Battle desde el script tiles_Tutorial (1)
------------------------------------------

23-06-2022 22:05:57
No se halla el objeto de tag Battle desde el script Village_6
------------------------------------------

23-06-2022 22:05:57
No se halla el objeto de tag Battle desde el script tiles_Tutorial (12)
------------------------------------------

23-06-2022 22:05:57
No se halla el objeto de tag Battle desde el script tiles_Tutorial (26)
------------------------------------------

23-06-2022 22:05:57
No se halla el objeto de tag Battle desde el script tiles_Tutorial (25)
------------------------------------------

23-06-2022 22:05:57
No se halla el objeto de tag Battle desde el script tiles_Tutorial (14)
------------------------------------------

23-06-2022 22:05:57
No se halla el objeto de tag Battle desde el script Village_7
------------------------------------------

23-06-2022 22:05:57
No se halla el objeto de tag Battle desde el script Village_2
------------------------------------------

23-06-2022 22:05:57
No se halla el objeto de tag Battle desde el script tiles_Tutorial (13)
------------------------------------------

23-06-2022 22:05:57
No se halla el objeto de tag Battle desde el script tiles_Tutorial (17)
------------------------------------------

23-06-2022 22:05:57
No se halla el objeto de tag Battle desde el script tiles_Tutorial (6)
------------------------------------------

23-06-2022 22:05:57
No se halla el objeto de tag Battle desde el script tiles_Tutorial (21)
------------------------------------------

23-06-2022 22:05:57
No se halla el objeto de tag Battle desde el script tiles_Tutorial (9)
------------------------------------------

23-06-2022 22:05:57
No se halla el objeto de tag Battle desde el script Village_8
------------------------------------------

23-06-2022 22:05:57
No se halla el objeto de tag Battle desde el script tiles_Tutorial (4)
------------------------------------------

23-06-2022 22:05:57
No se halla el objeto de tag Battle desde el script Village_5
------------------------------------------

23-06-2022 22:05:57
No se halla el objeto de tag Battle desde el script tiles_Tutorial (19)
------------------------------------------

23-06-2022 22:05:57
No se halla el objeto de tag Battle desde el script tiles_Tutorial (15)
------------------------------------------

23-06-2022 22:05:57
No se halla el objeto de tag Battle desde el script tiles_Tutorial (18)
------------------------------------------

23-06-2022 22:05:57
No se halla el objeto de tag Battle desde el script tiles_Tutorial
------------------------------------------

23-06-2022 22:05:57
No se halla el objeto de tag Battle desde el script tiles_Tutorial (3)
------------------------------------------

23-06-2022 22:05:57
No se halla el objeto de tag Battle desde el script tiles_Tutorial (2)
------------------------------------------

23-06-2022 22:05:57
No se halla el objeto de tag Battle desde el script tiles_Tutorial (8)
------------------------------------------

23-06-2022 22:05:57
No se halla el objeto de tag Battle desde el script tiles_Tutorial (23)
------------------------------------------

23-06-2022 22:05:57
No se halla el objeto de tag Battle desde el script tiles_Tutorial (10)
------------------------------------------

23-06-2022 22:05:57
No se halla el objeto de tag Battle desde el script tiles_Tutorial (11)
------------------------------------------

23-06-2022 22:05:57
No se halla el objeto de tag Battle desde el script Village_1
------------------------------------------

23-06-2022 22:05:57
No se halla el objeto de tag Battle desde el script tiles_Tutorial (24)
------------------------------------------

23-06-2022 22:05:57
No se halla el objeto de tag Battle desde el script tiles_Tutorial (16)
------------------------------------------

23-06-2022 22:05:57
No se halla el objeto de tag Battle desde el script tiles_Tutorial (7)
------------------------------------------

23-06-2022 22:05:57
No se halla el objeto de tag Battle desde el script tiles_Tutorial (22)
------------------------------------------

23-06-2022 22:05:57
No se halla el objeto de tag Battle desde el script Village_0
------------------------------------------

23-06-2022 22:05:57
No se halla el objeto de tag Battle desde el script Village_4
------------------------------------------

23-06-2022 22:05:57
No se halla el objeto de tag Battle desde el script tiles_Tutorial (5)
------------------------------------------

23-06-2022 22:23:40
No se halla el objeto de tag Battle desde el script tiles_Tutorial (20)
------------------------------------------

23-06-2022 22:23:40
No se halla el objeto de tag Battle desde el script Village_3
------------------------------------------

23-06-2022 22:23:40
No se halla el objeto de tag Battle desde el script tiles_Tutorial (1)
------------------------------------------

23-06-2022 22:23:40
No se halla el objeto de tag Battle desde el script Village_6
------------------------------------------

23-06-2022 22:23:40
No se halla el objeto de tag Battle desde el script tiles_Tutorial (12)
------------------------------------------

23-06-2022 22:23:40
No se halla el objeto de tag Battle desde el script tiles_Tutorial (26)
------------------------------------------

23-06-2022 22:23:40
No se halla el objeto de tag Battle desde el script tiles_Tutorial (25)
------------------------------------------

23-06-2022 22:23:40
No se halla el objeto de tag Battle desde el script tiles_Tutorial (14)
------------------------------------------

23-06-2022 22:23:40
No se halla el objeto de tag Battle desde el script Village_7
------------------------------------------

23-06-2022 22:23:40
No se halla el objeto de tag Battle desde el script Village_2
------------------------------------------

23-06-2022 22:23:40
No se halla el objeto de tag Battle desde el script tiles_Tutorial (13)
------------------------------------------

23-06-2022 22:23:40
No se halla el objeto de tag Battle desde el script tiles_Tutorial (17)
------------------------------------------

23-06-2022 22:23:40
No se halla el objeto de tag Battle desde el script tiles_Tutorial (6)
------------------------------------------

23-06-2022 22:23:40
No se halla el objeto de tag Battle desde el script tiles_Tutorial (21)
------------------------------------------

23-06-2022 22:23:40
No se halla el objeto de tag Battle desde el script tiles_Tutorial (9)
------------------------------------------

23-06-2022 22:23:40
No se halla el objeto de tag Battle desde el script Village_8
------------------------------------------

23-06-2022 22:23:40
No se halla el objeto de tag Battle desde el script tiles_Tutorial (4)
------------------------------------------

23-06-2022 22:23:40
No se halla el objeto de tag Battle desde el script Village_5
------------------------------------------

23-06-2022 22:23:40
No se halla el objeto de tag Battle desde el script tiles_Tutorial (19)
------------------------------------------

23-06-2022 22:23:40
No se halla el objeto de tag Battle desde el script tiles_Tutorial (15)
------------------------------------------

23-06-2022 22:23:40
No se halla el objeto de tag Battle desde el script tiles_Tutorial (18)
------------------------------------------

23-06-2022 22:23:40
No se halla el objeto de tag Battle desde el script tiles_Tutorial
------------------------------------------

23-06-2022 22:23:40
No se halla el objeto de tag Battle desde el script tiles_Tutorial (3)
------------------------------------------

23-06-2022 22:23:40
No se halla el objeto de tag Battle desde el script tiles_Tutorial (2)
------------------------------------------

23-06-2022 22:23:40
No se halla el objeto de tag Battle desde el script tiles_Tutorial (8)
------------------------------------------

23-06-2022 22:23:40
No se halla el objeto de tag Battle desde el script tiles_Tutorial (23)
------------------------------------------

23-06-2022 22:23:40
No se halla el objeto de tag Battle desde el script tiles_Tutorial (10)
------------------------------------------

23-06-2022 22:23:40
No se halla el objeto de tag Battle desde el script tiles_Tutorial (11)
------------------------------------------

23-06-2022 22:23:40
No se halla el objeto de tag Battle desde el script Village_1
------------------------------------------

23-06-2022 22:23:40
No se halla el objeto de tag Battle desde el script tiles_Tutorial (24)
------------------------------------------

23-06-2022 22:23:40
No se halla el objeto de tag Battle desde el script tiles_Tutorial (16)
------------------------------------------

23-06-2022 22:23:40
No se halla el objeto de tag Battle desde el script tiles_Tutorial (7)
------------------------------------------

23-06-2022 22:23:40
No se halla el objeto de tag Battle desde el script tiles_Tutorial (22)
------------------------------------------

23-06-2022 22:23:40
No se halla el objeto de tag Battle desde el script Village_0
------------------------------------------

23-06-2022 22:23:40
No se halla el objeto de tag Battle desde el script Village_4
------------------------------------------

23-06-2022 22:23:40
No se halla el objeto de tag Battle desde el script tiles_Tutorial (5)
------------------------------------------

