03-08-2022 17:48:31
Hola desde la builda
------------------------------------------

03-08-2022 17:48:31
Hola desde la builda
------------------------------------------

03-08-2022 17:53:07
default es la llave del path D:/Projects/Unity/2D/DeathOrPrize_v2/DeathOrPrize_v2/Assets/StreamingAssets\Default.qti
------------------------------------------

03-08-2022 17:53:07
player es la llave del path D:/Projects/Unity/2D/DeathOrPrize_v2/DeathOrPrize_v2/Assets/StreamingAssets\PlayerData.qti
------------------------------------------

03-08-2022 17:53:07
market es la llave del path D:/Projects/Unity/2D/DeathOrPrize_v2/DeathOrPrize_v2/Assets/StreamingAssets\Market.qti
------------------------------------------

03-08-2022 17:53:07
equipment es la llave del path D:/Projects/Unity/2D/DeathOrPrize_v2/DeathOrPrize_v2/Assets/StreamingAssets\Equipment.qti
------------------------------------------

03-08-2022 17:53:07
inventory es la llave del path D:/Projects/Unity/2D/DeathOrPrize_v2/DeathOrPrize_v2/Assets/StreamingAssets\Inventory.qti
------------------------------------------

03-08-2022 17:53:07
smithy es la llave del path D:/Projects/Unity/2D/DeathOrPrize_v2/DeathOrPrize_v2/Assets/StreamingAssets\smithy.qti
------------------------------------------

03-08-2022 17:53:07
quest es la llave del path D:/Projects/Unity/2D/DeathOrPrize_v2/DeathOrPrize_v2/Assets/StreamingAssets\Quest.qti
------------------------------------------

03-08-2022 17:53:08
Hola desde la builda
------------------------------------------

03-08-2022 17:53:08
Hola desde la builda
------------------------------------------

03-08-2022 17:53:22
Hola desde la builda
------------------------------------------

03-08-2022 17:53:22
Hola desde la builda
------------------------------------------

03-08-2022 17:54:07
default es la llave del path D:/Projects/Unity/2D/DeathOrPrize_v2/DeathOrPrize_v2/Assets/StreamingAssets\Default.qti
------------------------------------------

03-08-2022 17:54:09
player es la llave del path D:/Projects/Unity/2D/DeathOrPrize_v2/DeathOrPrize_v2/Assets/StreamingAssets\PlayerData.qti
------------------------------------------

03-08-2022 17:54:10
market es la llave del path D:/Projects/Unity/2D/DeathOrPrize_v2/DeathOrPrize_v2/Assets/StreamingAssets\Market.qti
------------------------------------------

03-08-2022 17:54:11
equipment es la llave del path D:/Projects/Unity/2D/DeathOrPrize_v2/DeathOrPrize_v2/Assets/StreamingAssets\Equipment.qti
------------------------------------------

03-08-2022 17:54:13
inventory es la llave del path D:/Projects/Unity/2D/DeathOrPrize_v2/DeathOrPrize_v2/Assets/StreamingAssets\Inventory.qti
------------------------------------------

03-08-2022 17:54:15
smithy es la llave del path D:/Projects/Unity/2D/DeathOrPrize_v2/DeathOrPrize_v2/Assets/StreamingAssets\smithy.qti
------------------------------------------

03-08-2022 17:54:23
quest es la llave del path D:/Projects/Unity/2D/DeathOrPrize_v2/DeathOrPrize_v2/Assets/StreamingAssets\Quest.qti
------------------------------------------

03-08-2022 17:58:49
default es la llave del path D:/Projects/Unity/2D/DeathOrPrize_v2/DeathOrPrize_v2/Assets/StreamingAssets\Default.qti
------------------------------------------

03-08-2022 17:58:49
player es la llave del path D:/Projects/Unity/2D/DeathOrPrize_v2/DeathOrPrize_v2/Assets/StreamingAssets\PlayerData.qti
------------------------------------------

03-08-2022 17:58:49
market es la llave del path D:/Projects/Unity/2D/DeathOrPrize_v2/DeathOrPrize_v2/Assets/StreamingAssets\Market.qti
------------------------------------------

03-08-2022 17:58:49
equipment es la llave del path D:/Projects/Unity/2D/DeathOrPrize_v2/DeathOrPrize_v2/Assets/StreamingAssets\Equipment.qti
------------------------------------------

03-08-2022 17:58:49
inventory es la llave del path D:/Projects/Unity/2D/DeathOrPrize_v2/DeathOrPrize_v2/Assets/StreamingAssets\Inventory.qti
------------------------------------------

03-08-2022 17:58:49
smithy es la llave del path D:/Projects/Unity/2D/DeathOrPrize_v2/DeathOrPrize_v2/Assets/StreamingAssets\smithy.qti
------------------------------------------

03-08-2022 17:58:49
quest es la llave del path D:/Projects/Unity/2D/DeathOrPrize_v2/DeathOrPrize_v2/Assets/StreamingAssets\Quest.qti
------------------------------------------

03-08-2022 17:59:03
Hola desde la builda
------------------------------------------

03-08-2022 17:59:03
Hola desde la builda
------------------------------------------

03-08-2022 17:59:05
Hola desde la builda
------------------------------------------

03-08-2022 17:59:05
Hola desde la builda
------------------------------------------

03-08-2022 17:59:57
default es la llave del path D:/Projects/Unity/2D/DeathOrPrize_v2/DeathOrPrize_v2/Assets/StreamingAssets\Default.qti
------------------------------------------

03-08-2022 17:59:57
player es la llave del path D:/Projects/Unity/2D/DeathOrPrize_v2/DeathOrPrize_v2/Assets/StreamingAssets\PlayerData.qti
------------------------------------------

03-08-2022 17:59:57
market es la llave del path D:/Projects/Unity/2D/DeathOrPrize_v2/DeathOrPrize_v2/Assets/StreamingAssets\Market.qti
------------------------------------------

03-08-2022 17:59:57
equipment es la llave del path D:/Projects/Unity/2D/DeathOrPrize_v2/DeathOrPrize_v2/Assets/StreamingAssets\Equipment.qti
------------------------------------------

03-08-2022 17:59:57
inventory es la llave del path D:/Projects/Unity/2D/DeathOrPrize_v2/DeathOrPrize_v2/Assets/StreamingAssets\Inventory.qti
------------------------------------------

03-08-2022 17:59:57
smithy es la llave del path D:/Projects/Unity/2D/DeathOrPrize_v2/DeathOrPrize_v2/Assets/StreamingAssets\smithy.qti
------------------------------------------

03-08-2022 17:59:57
quest es la llave del path D:/Projects/Unity/2D/DeathOrPrize_v2/DeathOrPrize_v2/Assets/StreamingAssets\Quest.qti
------------------------------------------

03-08-2022 18:00:01
Hola desde la builda
------------------------------------------

03-08-2022 18:00:01
Hola desde la builda
------------------------------------------

03-08-2022 18:00:06
Hola desde la builda
------------------------------------------

03-08-2022 18:00:06
Hola desde la builda
------------------------------------------

03-08-2022 18:00:11
Hola desde la builda
------------------------------------------

03-08-2022 18:00:11
Hola desde la builda
------------------------------------------

